<?xml version="1.0" encoding="UTF-8"?>
<testsuite xmlns:xsi="http://www.w3.org/2001/XMLSchema-instance" xsi:noNamespaceSchemaLocation="https://maven.apache.org/surefire/maven-surefire-plugin/xsd/surefire-test-report.xsd" name="org.apache.xmpbox.schema.PhotoshopSchemaTest" time="0.01" tests="162" errors="0" skipped="0" failures="0">
  <properties>
    <property name="sun.desktop" value="windows"/>
    <property name="awt.toolkit" value="sun.awt.windows.WToolkit"/>
    <property name="java.specification.version" value="11"/>
    <property name="sun.cpu.isalist" value="amd64"/>
    <property name="sun.jnu.encoding" value="Cp1252"/>
    <property name="java.class.path" value="D:\Code\HTIC\ge_oncology\pdfbox\xmpbox\target\test-classes;D:\Code\HTIC\ge_oncology\pdfbox\xmpbox\target\classes;C:\Users\ariha\.m2\repository\junit\junit\4.13.2\junit-4.13.2.jar;C:\Users\ariha\.m2\repository\org\hamcrest\hamcrest-core\1.3\hamcrest-core-1.3.jar;C:\Users\ariha\.m2\repository\commons-logging\commons-logging\1.2\commons-logging-1.2.jar;C:\Users\ariha\.m2\repository\javax\xml\bind\jaxb-api\2.3.1\jaxb-api-2.3.1.jar;C:\Users\ariha\.m2\repository\javax\activation\javax.activation-api\1.2.0\javax.activation-api-1.2.0.jar;"/>
    <property name="java.vm.vendor" value="Oracle Corporation"/>
    <property name="sun.arch.data.model" value="64"/>
    <property name="user.variant" value=""/>
    <property name="java.vendor.url" value="https://openjdk.java.net/"/>
    <property name="user.timezone" value="Asia/Calcutta"/>
    <property name="java.vm.specification.version" value="11"/>
    <property name="os.name" value="Windows 11"/>
    <property name="sun.java.launcher" value="SUN_STANDARD"/>
    <property name="user.country" value="IN"/>
    <property name="sun.boot.library.path" value="C:\Program Files\Java\jdk-11.0.14\bin"/>
    <property name="sun.java.command" value="C:\Users\ariha\AppData\Local\Temp\surefire12269176451849827928\surefirebooter4897205478904807352.jar C:\Users\ariha\AppData\Local\Temp\surefire12269176451849827928 2022-03-09T16-30-37_965-jvmRun1 surefire7103369014704435016tmp surefire_1569305780902571023tmp"/>
    <property name="jdk.debug" value="release"/>
    <property name="surefire.test.class.path" value="D:\Code\HTIC\ge_oncology\pdfbox\xmpbox\target\test-classes;D:\Code\HTIC\ge_oncology\pdfbox\xmpbox\target\classes;C:\Users\ariha\.m2\repository\junit\junit\4.13.2\junit-4.13.2.jar;C:\Users\ariha\.m2\repository\org\hamcrest\hamcrest-core\1.3\hamcrest-core-1.3.jar;C:\Users\ariha\.m2\repository\commons-logging\commons-logging\1.2\commons-logging-1.2.jar;C:\Users\ariha\.m2\repository\javax\xml\bind\jaxb-api\2.3.1\jaxb-api-2.3.1.jar;C:\Users\ariha\.m2\repository\javax\activation\javax.activation-api\1.2.0\javax.activation-api-1.2.0.jar;"/>
    <property name="sun.cpu.endian" value="little"/>
    <property name="user.home" value="C:\Users\ariha"/>
    <property name="user.language" value="en"/>
    <property name="java.specification.vendor" value="Oracle Corporation"/>
    <property name="java.version.date" value="2022-01-18"/>
    <property name="java.home" value="C:\Program Files\Java\jdk-11.0.14"/>
    <property name="file.separator" value="\"/>
    <property name="basedir" value="D:\Code\HTIC\ge_oncology\pdfbox\xmpbox"/>
    <property name="java.vm.compressedOopsMode" value="Zero based"/>
    <property name="line.separator" value="&#10;"/>
    <property name="java.specification.name" value="Java Platform API Specification"/>
    <property name="java.vm.specification.vendor" value="Oracle Corporation"/>
    <property name="java.awt.graphicsenv" value="sun.awt.Win32GraphicsEnvironment"/>
    <property name="surefire.real.class.path" value="C:\Users\ariha\AppData\Local\Temp\surefire12269176451849827928\surefirebooter4897205478904807352.jar"/>
    <property name="user.script" value=""/>
    <property name="sun.management.compiler" value="HotSpot 64-Bit Tiered Compilers"/>
    <property name="java.runtime.version" value="11.0.14+8-LTS-263"/>
    <property name="user.name" value="ariha"/>
    <property name="path.separator" value=";"/>
    <property name="os.version" value="10.0"/>
    <property name="java.runtime.name" value="Java(TM) SE Runtime Environment"/>
    <property name="file.encoding" value="Cp1252"/>
    <property name="java.vm.name" value="Java HotSpot(TM) 64-Bit Server VM"/>
    <property name="java.vendor.version" value="18.9"/>
    <property name="localRepository" value="C:\Users\ariha\.m2\repository"/>
    <property name="java.vendor.url.bug" value="https://bugreport.java.com/bugreport/"/>
    <property name="java.io.tmpdir" value="C:\Users\ariha\AppData\Local\Temp\"/>
    <property name="java.version" value="11.0.14"/>
    <property name="user.dir" value="D:\Code\HTIC\ge_oncology\pdfbox\xmpbox"/>
    <property name="os.arch" value="amd64"/>
    <property name="java.vm.specification.name" value="Java Virtual Machine Specification"/>
    <property name="java.awt.printerjob" value="sun.awt.windows.WPrinterJob"/>
    <property name="sun.os.patch.level" value=""/>
    <property name="java.library.path" value="C:\Program Files\Java\jdk-11.0.14\bin;C:\WINDOWS\Sun\Java\bin;C:\WINDOWS\system32;C:\WINDOWS;C:\Python310\Scripts\;C:\Python310\;C:\Program Files\Java\jdk-11.0.14\bin;C:\WINDOWS\system32;C:\WINDOWS;C:\WINDOWS\System32\Wbem;C:\WINDOWS\System32\WindowsPowerShell\v1.0\;C:\WINDOWS\System32\OpenSSH\;C:\Program Files (x86)\NVIDIA Corporation\PhysX\Common;C:\Program Files\NVIDIA Corporation\NVIDIA NvDLISR;C:\Program Files\nodejs\;C:\ProgramData\chocolatey\bin;C:\Program Files\Git\cmd;C:\Users\ariha\AppData\Local\Programs\Eclipse Adoptium\jdk-17.0.2.8-hotspot\bin;C:\Users\ariha\AppData\Local\Microsoft\WindowsApps;C:\Users\ariha\AppData\Local\Programs\Microsoft VS Code\bin;C:\Users\ariha\AppData\Roaming\npm;C:\adb;C:\Program Files (x86)\Bitvise SSH Client;C:\Program Files\MATLAB\R2021b\bin;C:\Users\ariha\AppData\Local\Microsoft\WindowsApps;C:\Users\ariha\AppData\Local\Programs\Microsoft VS Code\bin;C:\Users\ariha\AppData\Roaming\npm;D:\Code\HTIC\apache-maven-3.8.4\bin;;."/>
    <property name="java.vendor" value="Oracle Corporation"/>
    <property name="java.vm.info" value="mixed mode"/>
    <property name="java.vm.version" value="11.0.14+8-LTS-263"/>
    <property name="sun.io.unicode.encoding" value="UnicodeLittle"/>
    <property name="java.class.version" value="55.0"/>
  </properties>
  <testcase name="testPropertySetterInArray[0]" classname="org.apache.xmpbox.schema.PhotoshopSchemaTest" time="0"/>
  <testcase name="testSettingValueInArray[0]" classname="org.apache.xmpbox.schema.PhotoshopSchemaTest" time="0"/>
  <testcase name="testRandomSettingValueInArray[0]" classname="org.apache.xmpbox.schema.PhotoshopSchemaTest" time="0"/>
  <testcase name="testRandomPropertySetterSimple[0]" classname="org.apache.xmpbox.schema.PhotoshopSchemaTest" time="0"/>
  <testcase name="testRandomPropertySetterInArray[0]" classname="org.apache.xmpbox.schema.PhotoshopSchemaTest" time="0"/>
  <testcase name="testInitializedToNull[0]" classname="org.apache.xmpbox.schema.PhotoshopSchemaTest" time="0"/>
  <testcase name="testSettingValue[0]" classname="org.apache.xmpbox.schema.PhotoshopSchemaTest" time="0"/>
  <testcase name="testRandomSettingValue[0]" classname="org.apache.xmpbox.schema.PhotoshopSchemaTest" time="0"/>
  <testcase name="testPropertySetterSimple[0]" classname="org.apache.xmpbox.schema.PhotoshopSchemaTest" time="0"/>
  <testcase name="testPropertySetterInArray[1]" classname="org.apache.xmpbox.schema.PhotoshopSchemaTest" time="0"/>
  <testcase name="testSettingValueInArray[1]" classname="org.apache.xmpbox.schema.PhotoshopSchemaTest" time="0"/>
  <testcase name="testRandomSettingValueInArray[1]" classname="org.apache.xmpbox.schema.PhotoshopSchemaTest" time="0"/>
  <testcase name="testRandomPropertySetterSimple[1]" classname="org.apache.xmpbox.schema.PhotoshopSchemaTest" time="0"/>
  <testcase name="testRandomPropertySetterInArray[1]" classname="org.apache.xmpbox.schema.PhotoshopSchemaTest" time="0"/>
  <testcase name="testInitializedToNull[1]" classname="org.apache.xmpbox.schema.PhotoshopSchemaTest" time="0"/>
  <testcase name="testSettingValue[1]" classname="org.apache.xmpbox.schema.PhotoshopSchemaTest" time="0"/>
  <testcase name="testRandomSettingValue[1]" classname="org.apache.xmpbox.schema.PhotoshopSchemaTest" time="0"/>
  <testcase name="testPropertySetterSimple[1]" classname="org.apache.xmpbox.schema.PhotoshopSchemaTest" time="0"/>
  <testcase name="testPropertySetterInArray[2]" classname="org.apache.xmpbox.schema.PhotoshopSchemaTest" time="0"/>
  <testcase name="testSettingValueInArray[2]" classname="org.apache.xmpbox.schema.PhotoshopSchemaTest" time="0"/>
  <testcase name="testRandomSettingValueInArray[2]" classname="org.apache.xmpbox.schema.PhotoshopSchemaTest" time="0"/>
  <testcase name="testRandomPropertySetterSimple[2]" classname="org.apache.xmpbox.schema.PhotoshopSchemaTest" time="0"/>
  <testcase name="testRandomPropertySetterInArray[2]" classname="org.apache.xmpbox.schema.PhotoshopSchemaTest" time="0"/>
  <testcase name="testInitializedToNull[2]" classname="org.apache.xmpbox.schema.PhotoshopSchemaTest" time="0"/>
  <testcase name="testSettingValue[2]" classname="org.apache.xmpbox.schema.PhotoshopSchemaTest" time="0"/>
  <testcase name="testRandomSettingValue[2]" classname="org.apache.xmpbox.schema.PhotoshopSchemaTest" time="0"/>
  <testcase name="testPropertySetterSimple[2]" classname="org.apache.xmpbox.schema.PhotoshopSchemaTest" time="0"/>
  <testcase name="testPropertySetterInArray[3]" classname="org.apache.xmpbox.schema.PhotoshopSchemaTest" time="0"/>
  <testcase name="testSettingValueInArray[3]" classname="org.apache.xmpbox.schema.PhotoshopSchemaTest" time="0"/>
  <testcase name="testRandomSettingValueInArray[3]" classname="org.apache.xmpbox.schema.PhotoshopSchemaTest" time="0"/>
  <testcase name="testRandomPropertySetterSimple[3]" classname="org.apache.xmpbox.schema.PhotoshopSchemaTest" time="0"/>
  <testcase name="testRandomPropertySetterInArray[3]" classname="org.apache.xmpbox.schema.PhotoshopSchemaTest" time="0"/>
  <testcase name="testInitializedToNull[3]" classname="org.apache.xmpbox.schema.PhotoshopSchemaTest" time="0"/>
  <testcase name="testSettingValue[3]" classname="org.apache.xmpbox.schema.PhotoshopSchemaTest" time="0"/>
  <testcase name="testRandomSettingValue[3]" classname="org.apache.xmpbox.schema.PhotoshopSchemaTest" time="0"/>
  <testcase name="testPropertySetterSimple[3]" classname="org.apache.xmpbox.schema.PhotoshopSchemaTest" time="0"/>
  <testcase name="testPropertySetterInArray[4]" classname="org.apache.xmpbox.schema.PhotoshopSchemaTest" time="0"/>
  <testcase name="testSettingValueInArray[4]" classname="org.apache.xmpbox.schema.PhotoshopSchemaTest" time="0"/>
  <testcase name="testRandomSettingValueInArray[4]" classname="org.apache.xmpbox.schema.PhotoshopSchemaTest" time="0"/>
  <testcase name="testRandomPropertySetterSimple[4]" classname="org.apache.xmpbox.schema.PhotoshopSchemaTest" time="0"/>
  <testcase name="testRandomPropertySetterInArray[4]" classname="org.apache.xmpbox.schema.PhotoshopSchemaTest" time="0"/>
  <testcase name="testInitializedToNull[4]" classname="org.apache.xmpbox.schema.PhotoshopSchemaTest" time="0"/>
  <testcase name="testSettingValue[4]" classname="org.apache.xmpbox.schema.PhotoshopSchemaTest" time="0"/>
  <testcase name="testRandomSettingValue[4]" classname="org.apache.xmpbox.schema.PhotoshopSchemaTest" time="0"/>
  <testcase name="testPropertySetterSimple[4]" classname="org.apache.xmpbox.schema.PhotoshopSchemaTest" time="0"/>
  <testcase name="testPropertySetterInArray[5]" classname="org.apache.xmpbox.schema.PhotoshopSchemaTest" time="0"/>
  <testcase name="testSettingValueInArray[5]" classname="org.apache.xmpbox.schema.PhotoshopSchemaTest" time="0"/>
  <testcase name="testRandomSettingValueInArray[5]" classname="org.apache.xmpbox.schema.PhotoshopSchemaTest" time="0"/>
  <testcase name="testRandomPropertySetterSimple[5]" classname="org.apache.xmpbox.schema.PhotoshopSchemaTest" time="0"/>
  <testcase name="testRandomPropertySetterInArray[5]" classname="org.apache.xmpbox.schema.PhotoshopSchemaTest" time="0"/>
  <testcase name="testInitializedToNull[5]" classname="org.apache.xmpbox.schema.PhotoshopSchemaTest" time="0"/>
  <testcase name="testSettingValue[5]" classname="org.apache.xmpbox.schema.PhotoshopSchemaTest" time="0"/>
  <testcase name="testRandomSettingValue[5]" classname="org.apache.xmpbox.schema.PhotoshopSchemaTest" time="0"/>
  <testcase name="testPropertySetterSimple[5]" classname="org.apache.xmpbox.schema.PhotoshopSchemaTest" time="0"/>
  <testcase name="testPropertySetterInArray[6]" classname="org.apache.xmpbox.schema.PhotoshopSchemaTest" time="0"/>
  <testcase name="testSettingValueInArray[6]" classname="org.apache.xmpbox.schema.PhotoshopSchemaTest" time="0"/>
  <testcase name="testRandomSettingValueInArray[6]" classname="org.apache.xmpbox.schema.PhotoshopSchemaTest" time="0"/>
  <testcase name="testRandomPropertySetterSimple[6]" classname="org.apache.xmpbox.schema.PhotoshopSchemaTest" time="0"/>
  <testcase name="testRandomPropertySetterInArray[6]" classname="org.apache.xmpbox.schema.PhotoshopSchemaTest" time="0"/>
  <testcase name="testInitializedToNull[6]" classname="org.apache.xmpbox.schema.PhotoshopSchemaTest" time="0"/>
  <testcase name="testSettingValue[6]" classname="org.apache.xmpbox.schema.PhotoshopSchemaTest" time="0"/>
  <testcase name="testRandomSettingValue[6]" classname="org.apache.xmpbox.schema.PhotoshopSchemaTest" time="0"/>
  <testcase name="testPropertySetterSimple[6]" classname="org.apache.xmpbox.schema.PhotoshopSchemaTest" time="0"/>
  <testcase name="testPropertySetterInArray[7]" classname="org.apache.xmpbox.schema.PhotoshopSchemaTest" time="0"/>
  <testcase name="testSettingValueInArray[7]" classname="org.apache.xmpbox.schema.PhotoshopSchemaTest" time="0"/>
  <testcase name="testRandomSettingValueInArray[7]" classname="org.apache.xmpbox.schema.PhotoshopSchemaTest" time="0"/>
  <testcase name="testRandomPropertySetterSimple[7]" classname="org.apache.xmpbox.schema.PhotoshopSchemaTest" time="0"/>
  <testcase name="testRandomPropertySetterInArray[7]" classname="org.apache.xmpbox.schema.PhotoshopSchemaTest" time="0"/>
  <testcase name="testInitializedToNull[7]" classname="org.apache.xmpbox.schema.PhotoshopSchemaTest" time="0"/>
  <testcase name="testSettingValue[7]" classname="org.apache.xmpbox.schema.PhotoshopSchemaTest" time="0"/>
  <testcase name="testRandomSettingValue[7]" classname="org.apache.xmpbox.schema.PhotoshopSchemaTest" time="0"/>
  <testcase name="testPropertySetterSimple[7]" classname="org.apache.xmpbox.schema.PhotoshopSchemaTest" time="0"/>
  <testcase name="testPropertySetterInArray[8]" classname="org.apache.xmpbox.schema.PhotoshopSchemaTest" time="0"/>
  <testcase name="testSettingValueInArray[8]" classname="org.apache.xmpbox.schema.PhotoshopSchemaTest" time="0"/>
  <testcase name="testRandomSettingValueInArray[8]" classname="org.apache.xmpbox.schema.PhotoshopSchemaTest" time="0"/>
  <testcase name="testRandomPropertySetterSimple[8]" classname="org.apache.xmpbox.schema.PhotoshopSchemaTest" time="0"/>
  <testcase name="testRandomPropertySetterInArray[8]" classname="org.apache.xmpbox.schema.PhotoshopSchemaTest" time="0"/>
  <testcase name="testInitializedToNull[8]" classname="org.apache.xmpbox.schema.PhotoshopSchemaTest" time="0"/>
  <testcase name="testSettingValue[8]" classname="org.apache.xmpbox.schema.PhotoshopSchemaTest" time="0"/>
  <testcase name="testRandomSettingValue[8]" classname="org.apache.xmpbox.schema.PhotoshopSchemaTest" time="0"/>
  <testcase name="testPropertySetterSimple[8]" classname="org.apache.xmpbox.schema.PhotoshopSchemaTest" time="0"/>
  <testcase name="testPropertySetterInArray[9]" classname="org.apache.xmpbox.schema.PhotoshopSchemaTest" time="0"/>
  <testcase name="testSettingValueInArray[9]" classname="org.apache.xmpbox.schema.PhotoshopSchemaTest" time="0"/>
  <testcase name="testRandomSettingValueInArray[9]" classname="org.apache.xmpbox.schema.PhotoshopSchemaTest" time="0"/>
  <testcase name="testRandomPropertySetterSimple[9]" classname="org.apache.xmpbox.schema.PhotoshopSchemaTest" time="0"/>
  <testcase name="testRandomPropertySetterInArray[9]" classname="org.apache.xmpbox.schema.PhotoshopSchemaTest" time="0"/>
  <testcase name="testInitializedToNull[9]" classname="org.apache.xmpbox.schema.PhotoshopSchemaTest" time="0"/>
  <testcase name="testSettingValue[9]" classname="org.apache.xmpbox.schema.PhotoshopSchemaTest" time="0"/>
  <testcase name="testRandomSettingValue[9]" classname="org.apache.xmpbox.schema.PhotoshopSchemaTest" time="0"/>
  <testcase name="testPropertySetterSimple[9]" classname="org.apache.xmpbox.schema.PhotoshopSchemaTest" time="0"/>
  <testcase name="testPropertySetterInArray[10]" classname="org.apache.xmpbox.schema.PhotoshopSchemaTest" time="0"/>
  <testcase name="testSettingValueInArray[10]" classname="org.apache.xmpbox.schema.PhotoshopSchemaTest" time="0"/>
  <testcase name="testRandomSettingValueInArray[10]" classname="org.apache.xmpbox.schema.PhotoshopSchemaTest" time="0"/>
  <testcase name="testRandomPropertySetterSimple[10]" classname="org.apache.xmpbox.schema.PhotoshopSchemaTest" time="0"/>
  <testcase name="testRandomPropertySetterInArray[10]" classname="org.apache.xmpbox.schema.PhotoshopSchemaTest" time="0"/>
  <testcase name="testInitializedToNull[10]" classname="org.apache.xmpbox.schema.PhotoshopSchemaTest" time="0"/>
  <testcase name="testSettingValue[10]" classname="org.apache.xmpbox.schema.PhotoshopSchemaTest" time="0"/>
  <testcase name="testRandomSettingValue[10]" classname="org.apache.xmpbox.schema.PhotoshopSchemaTest" time="0"/>
  <testcase name="testPropertySetterSimple[10]" classname="org.apache.xmpbox.schema.PhotoshopSchemaTest" time="0"/>
  <testcase name="testPropertySetterInArray[11]" classname="org.apache.xmpbox.schema.PhotoshopSchemaTest" time="0"/>
  <testcase name="testSettingValueInArray[11]" classname="org.apache.xmpbox.schema.PhotoshopSchemaTest" time="0"/>
  <testcase name="testRandomSettingValueInArray[11]" classname="org.apache.xmpbox.schema.PhotoshopSchemaTest" time="0"/>
  <testcase name="testRandomPropertySetterSimple[11]" classname="org.apache.xmpbox.schema.PhotoshopSchemaTest" time="0"/>
  <testcase name="testRandomPropertySetterInArray[11]" classname="org.apache.xmpbox.schema.PhotoshopSchemaTest" time="0.01"/>
  <testcase name="testInitializedToNull[11]" classname="org.apache.xmpbox.schema.PhotoshopSchemaTest" time="0"/>
  <testcase name="testSettingValue[11]" classname="org.apache.xmpbox.schema.PhotoshopSchemaTest" time="0"/>
  <testcase name="testRandomSettingValue[11]" classname="org.apache.xmpbox.schema.PhotoshopSchemaTest" time="0"/>
  <testcase name="testPropertySetterSimple[11]" classname="org.apache.xmpbox.schema.PhotoshopSchemaTest" time="0"/>
  <testcase name="testPropertySetterInArray[12]" classname="org.apache.xmpbox.schema.PhotoshopSchemaTest" time="0"/>
  <testcase name="testSettingValueInArray[12]" classname="org.apache.xmpbox.schema.PhotoshopSchemaTest" time="0"/>
  <testcase name="testRandomSettingValueInArray[12]" classname="org.apache.xmpbox.schema.PhotoshopSchemaTest" time="0"/>
  <testcase name="testRandomPropertySetterSimple[12]" classname="org.apache.xmpbox.schema.PhotoshopSchemaTest" time="0"/>
  <testcase name="testRandomPropertySetterInArray[12]" classname="org.apache.xmpbox.schema.PhotoshopSchemaTest" time="0"/>
  <testcase name="testInitializedToNull[12]" classname="org.apache.xmpbox.schema.PhotoshopSchemaTest" time="0"/>
  <testcase name="testSettingValue[12]" classname="org.apache.xmpbox.schema.PhotoshopSchemaTest" time="0"/>
  <testcase name="testRandomSettingValue[12]" classname="org.apache.xmpbox.schema.PhotoshopSchemaTest" time="0"/>
  <testcase name="testPropertySetterSimple[12]" classname="org.apache.xmpbox.schema.PhotoshopSchemaTest" time="0"/>
  <testcase name="testPropertySetterInArray[13]" classname="org.apache.xmpbox.schema.PhotoshopSchemaTest" time="0"/>
  <testcase name="testSettingValueInArray[13]" classname="org.apache.xmpbox.schema.PhotoshopSchemaTest" time="0"/>
  <testcase name="testRandomSettingValueInArray[13]" classname="org.apache.xmpbox.schema.PhotoshopSchemaTest" time="0"/>
  <testcase name="testRandomPropertySetterSimple[13]" classname="org.apache.xmpbox.schema.PhotoshopSchemaTest" time="0"/>
  <testcase name="testRandomPropertySetterInArray[13]" classname="org.apache.xmpbox.schema.PhotoshopSchemaTest" time="0"/>
  <testcase name="testInitializedToNull[13]" classname="org.apache.xmpbox.schema.PhotoshopSchemaTest" time="0"/>
  <testcase name="testSettingValue[13]" classname="org.apache.xmpbox.schema.PhotoshopSchemaTest" time="0"/>
  <testcase name="testRandomSettingValue[13]" classname="org.apache.xmpbox.schema.PhotoshopSchemaTest" time="0"/>
  <testcase name="testPropertySetterSimple[13]" classname="org.apache.xmpbox.schema.PhotoshopSchemaTest" time="0"/>
  <testcase name="testPropertySetterInArray[14]" classname="org.apache.xmpbox.schema.PhotoshopSchemaTest" time="0"/>
  <testcase name="testSettingValueInArray[14]" classname="org.apache.xmpbox.schema.PhotoshopSchemaTest" time="0"/>
  <testcase name="testRandomSettingValueInArray[14]" classname="org.apache.xmpbox.schema.PhotoshopSchemaTest" time="0"/>
  <testcase name="testRandomPropertySetterSimple[14]" classname="org.apache.xmpbox.schema.PhotoshopSchemaTest" time="0"/>
  <testcase name="testRandomPropertySetterInArray[14]" classname="org.apache.xmpbox.schema.PhotoshopSchemaTest" time="0"/>
  <testcase name="testInitializedToNull[14]" classname="org.apache.xmpbox.schema.PhotoshopSchemaTest" time="0"/>
  <testcase name="testSettingValue[14]" classname="org.apache.xmpbox.schema.PhotoshopSchemaTest" time="0"/>
  <testcase name="testRandomSettingValue[14]" classname="org.apache.xmpbox.schema.PhotoshopSchemaTest" time="0"/>
  <testcase name="testPropertySetterSimple[14]" classname="org.apache.xmpbox.schema.PhotoshopSchemaTest" time="0"/>
  <testcase name="testPropertySetterInArray[15]" classname="org.apache.xmpbox.schema.PhotoshopSchemaTest" time="0"/>
  <testcase name="testSettingValueInArray[15]" classname="org.apache.xmpbox.schema.PhotoshopSchemaTest" time="0"/>
  <testcase name="testRandomSettingValueInArray[15]" classname="org.apache.xmpbox.schema.PhotoshopSchemaTest" time="0"/>
  <testcase name="testRandomPropertySetterSimple[15]" classname="org.apache.xmpbox.schema.PhotoshopSchemaTest" time="0"/>
  <testcase name="testRandomPropertySetterInArray[15]" classname="org.apache.xmpbox.schema.PhotoshopSchemaTest" time="0"/>
  <testcase name="testInitializedToNull[15]" classname="org.apache.xmpbox.schema.PhotoshopSchemaTest" time="0"/>
  <testcase name="testSettingValue[15]" classname="org.apache.xmpbox.schema.PhotoshopSchemaTest" time="0"/>
  <testcase name="testRandomSettingValue[15]" classname="org.apache.xmpbox.schema.PhotoshopSchemaTest" time="0"/>
  <testcase name="testPropertySetterSimple[15]" classname="org.apache.xmpbox.schema.PhotoshopSchemaTest" time="0"/>
  <testcase name="testPropertySetterInArray[16]" classname="org.apache.xmpbox.schema.PhotoshopSchemaTest" time="0"/>
  <testcase name="testSettingValueInArray[16]" classname="org.apache.xmpbox.schema.PhotoshopSchemaTest" time="0"/>
  <testcase name="testRandomSettingValueInArray[16]" classname="org.apache.xmpbox.schema.PhotoshopSchemaTest" time="0"/>
  <testcase name="testRandomPropertySetterSimple[16]" classname="org.apache.xmpbox.schema.PhotoshopSchemaTest" time="0"/>
  <testcase name="testRandomPropertySetterInArray[16]" classname="org.apache.xmpbox.schema.PhotoshopSchemaTest" time="0"/>
  <testcase name="testInitializedToNull[16]" classname="org.apache.xmpbox.schema.PhotoshopSchemaTest" time="0"/>
  <testcase name="testSettingValue[16]" classname="org.apache.xmpbox.schema.PhotoshopSchemaTest" time="0"/>
  <testcase name="testRandomSettingValue[16]" classname="org.apache.xmpbox.schema.PhotoshopSchemaTest" time="0"/>
  <testcase name="testPropertySetterSimple[16]" classname="org.apache.xmpbox.schema.PhotoshopSchemaTest" time="0"/>
  <testcase name="testPropertySetterInArray[17]" classname="org.apache.xmpbox.schema.PhotoshopSchemaTest" time="0"/>
  <testcase name="testSettingValueInArray[17]" classname="org.apache.xmpbox.schema.PhotoshopSchemaTest" time="0"/>
  <testcase name="testRandomSettingValueInArray[17]" classname="org.apache.xmpbox.schema.PhotoshopSchemaTest" time="0"/>
  <testcase name="testRandomPropertySetterSimple[17]" classname="org.apache.xmpbox.schema.PhotoshopSchemaTest" time="0"/>
  <testcase name="testRandomPropertySetterInArray[17]" classname="org.apache.xmpbox.schema.PhotoshopSchemaTest" time="0"/>
  <testcase name="testInitializedToNull[17]" classname="org.apache.xmpbox.schema.PhotoshopSchemaTest" time="0"/>
  <testcase name="testSettingValue[17]" classname="org.apache.xmpbox.schema.PhotoshopSchemaTest" time="0"/>
  <testcase name="testRandomSettingValue[17]" classname="org.apache.xmpbox.schema.PhotoshopSchemaTest" time="0"/>
  <testcase name="testPropertySetterSimple[17]" classname="org.apache.xmpbox.schema.PhotoshopSchemaTest" time="0"/>
</testsuite>