<?xml version="1.0" encoding="UTF-8"?>
<testsuite xmlns:xsi="http://www.w3.org/2001/XMLSchema-instance" xsi:noNamespaceSchemaLocation="https://maven.apache.org/surefire/maven-surefire-plugin/xsd/surefire-test-report.xsd" name="org.apache.pdfbox.preflight.TestIsartorBavaria" time="10.581" tests="204" errors="0" skipped="0" failures="0">
  <properties>
    <property name="sun.desktop" value="windows"/>
    <property name="awt.toolkit" value="sun.awt.windows.WToolkit"/>
    <property name="java.specification.version" value="11"/>
    <property name="sun.cpu.isalist" value="amd64"/>
    <property name="sun.jnu.encoding" value="Cp1252"/>
    <property name="java.class.path" value="D:\Code\HTIC\ge_oncology\pdfbox\preflight\target\test-classes;D:\Code\HTIC\ge_oncology\pdfbox\preflight\target\classes;C:\Users\ariha\.m2\repository\commons-io\commons-io\2.11.0\commons-io-2.11.0.jar;D:\Code\HTIC\ge_oncology\pdfbox\pdfbox\target\pdfbox-2.0.25.jar;D:\Code\HTIC\ge_oncology\pdfbox\fontbox\target\fontbox-2.0.25.jar;C:\Users\ariha\.m2\repository\commons-logging\commons-logging\1.2\commons-logging-1.2.jar;D:\Code\HTIC\ge_oncology\pdfbox\xmpbox\target\xmpbox-2.0.25.jar;C:\Users\ariha\.m2\repository\junit\junit\4.13.2\junit-4.13.2.jar;C:\Users\ariha\.m2\repository\org\hamcrest\hamcrest-core\1.3\hamcrest-core-1.3.jar;C:\Users\ariha\.m2\repository\org\bouncycastle\bcmail-jdk15on\1.64\bcmail-jdk15on-1.64.jar;C:\Users\ariha\.m2\repository\org\bouncycastle\bcpkix-jdk15on\1.64\bcpkix-jdk15on-1.64.jar;C:\Users\ariha\.m2\repository\org\bouncycastle\bcprov-jdk15on\1.64\bcprov-jdk15on-1.64.jar;C:\Users\ariha\.m2\repository\org\apache\pdfbox\jbig2-imageio\3.0.3\jbig2-imageio-3.0.3.jar;C:\Users\ariha\.m2\repository\javax\xml\bind\jaxb-api\2.3.1\jaxb-api-2.3.1.jar;C:\Users\ariha\.m2\repository\javax\activation\javax.activation-api\1.2.0\javax.activation-api-1.2.0.jar;C:\Users\ariha\.m2\repository\javax\activation\activation\1.1.1\activation-1.1.1.jar;"/>
    <property name="java.vm.vendor" value="Oracle Corporation"/>
    <property name="sun.arch.data.model" value="64"/>
    <property name="user.variant" value=""/>
    <property name="java.vendor.url" value="https://openjdk.java.net/"/>
    <property name="user.timezone" value="Asia/Calcutta"/>
    <property name="java.vm.specification.version" value="11"/>
    <property name="os.name" value="Windows 11"/>
    <property name="sun.java.launcher" value="SUN_STANDARD"/>
    <property name="user.country" value="IN"/>
    <property name="sun.boot.library.path" value="C:\Program Files\Java\jdk-11.0.14\bin"/>
    <property name="sun.java.command" value="C:\Users\ariha\AppData\Local\Temp\surefire3084743458285309011\surefirebooter13865496344965801727.jar C:\Users\ariha\AppData\Local\Temp\surefire3084743458285309011 2022-03-09T16-30-37_965-jvmRun1 surefire3968515167942442630tmp surefire_316628905962414575086tmp"/>
    <property name="jdk.debug" value="release"/>
    <property name="surefire.test.class.path" value="D:\Code\HTIC\ge_oncology\pdfbox\preflight\target\test-classes;D:\Code\HTIC\ge_oncology\pdfbox\preflight\target\classes;C:\Users\ariha\.m2\repository\commons-io\commons-io\2.11.0\commons-io-2.11.0.jar;D:\Code\HTIC\ge_oncology\pdfbox\pdfbox\target\pdfbox-2.0.25.jar;D:\Code\HTIC\ge_oncology\pdfbox\fontbox\target\fontbox-2.0.25.jar;C:\Users\ariha\.m2\repository\commons-logging\commons-logging\1.2\commons-logging-1.2.jar;D:\Code\HTIC\ge_oncology\pdfbox\xmpbox\target\xmpbox-2.0.25.jar;C:\Users\ariha\.m2\repository\junit\junit\4.13.2\junit-4.13.2.jar;C:\Users\ariha\.m2\repository\org\hamcrest\hamcrest-core\1.3\hamcrest-core-1.3.jar;C:\Users\ariha\.m2\repository\org\bouncycastle\bcmail-jdk15on\1.64\bcmail-jdk15on-1.64.jar;C:\Users\ariha\.m2\repository\org\bouncycastle\bcpkix-jdk15on\1.64\bcpkix-jdk15on-1.64.jar;C:\Users\ariha\.m2\repository\org\bouncycastle\bcprov-jdk15on\1.64\bcprov-jdk15on-1.64.jar;C:\Users\ariha\.m2\repository\org\apache\pdfbox\jbig2-imageio\3.0.3\jbig2-imageio-3.0.3.jar;C:\Users\ariha\.m2\repository\javax\xml\bind\jaxb-api\2.3.1\jaxb-api-2.3.1.jar;C:\Users\ariha\.m2\repository\javax\activation\javax.activation-api\1.2.0\javax.activation-api-1.2.0.jar;C:\Users\ariha\.m2\repository\javax\activation\activation\1.1.1\activation-1.1.1.jar;"/>
    <property name="sun.cpu.endian" value="little"/>
    <property name="user.home" value="C:\Users\ariha"/>
    <property name="user.language" value="en"/>
    <property name="java.specification.vendor" value="Oracle Corporation"/>
    <property name="java.version.date" value="2022-01-18"/>
    <property name="java.home" value="C:\Program Files\Java\jdk-11.0.14"/>
    <property name="file.separator" value="\"/>
    <property name="basedir" value="D:\Code\HTIC\ge_oncology\pdfbox\preflight"/>
    <property name="java.vm.compressedOopsMode" value="Zero based"/>
    <property name="line.separator" value="&#10;"/>
    <property name="java.specification.name" value="Java Platform API Specification"/>
    <property name="java.vm.specification.vendor" value="Oracle Corporation"/>
    <property name="java.awt.graphicsenv" value="sun.awt.Win32GraphicsEnvironment"/>
    <property name="surefire.real.class.path" value="C:\Users\ariha\AppData\Local\Temp\surefire3084743458285309011\surefirebooter13865496344965801727.jar"/>
    <property name="user.script" value=""/>
    <property name="sun.management.compiler" value="HotSpot 64-Bit Tiered Compilers"/>
    <property name="java.runtime.version" value="11.0.14+8-LTS-263"/>
    <property name="user.name" value="ariha"/>
    <property name="path.separator" value=";"/>
    <property name="os.version" value="10.0"/>
    <property name="java.runtime.name" value="Java(TM) SE Runtime Environment"/>
    <property name="file.encoding" value="Cp1252"/>
    <property name="java.vm.name" value="Java HotSpot(TM) 64-Bit Server VM"/>
    <property name="java.vendor.version" value="18.9"/>
    <property name="localRepository" value="C:\Users\ariha\.m2\repository"/>
    <property name="java.vendor.url.bug" value="https://bugreport.java.com/bugreport/"/>
    <property name="java.io.tmpdir" value="C:\Users\ariha\AppData\Local\Temp\"/>
    <property name="java.version" value="11.0.14"/>
    <property name="user.dir" value="D:\Code\HTIC\ge_oncology\pdfbox\preflight"/>
    <property name="os.arch" value="amd64"/>
    <property name="java.vm.specification.name" value="Java Virtual Machine Specification"/>
    <property name="java.awt.printerjob" value="sun.awt.windows.WPrinterJob"/>
    <property name="sun.os.patch.level" value=""/>
    <property name="java.library.path" value="C:\Program Files\Java\jdk-11.0.14\bin;C:\WINDOWS\Sun\Java\bin;C:\WINDOWS\system32;C:\WINDOWS;C:\Python310\Scripts\;C:\Python310\;C:\Program Files\Java\jdk-11.0.14\bin;C:\WINDOWS\system32;C:\WINDOWS;C:\WINDOWS\System32\Wbem;C:\WINDOWS\System32\WindowsPowerShell\v1.0\;C:\WINDOWS\System32\OpenSSH\;C:\Program Files (x86)\NVIDIA Corporation\PhysX\Common;C:\Program Files\NVIDIA Corporation\NVIDIA NvDLISR;C:\Program Files\nodejs\;C:\ProgramData\chocolatey\bin;C:\Program Files\Git\cmd;C:\Users\ariha\AppData\Local\Programs\Eclipse Adoptium\jdk-17.0.2.8-hotspot\bin;C:\Users\ariha\AppData\Local\Microsoft\WindowsApps;C:\Users\ariha\AppData\Local\Programs\Microsoft VS Code\bin;C:\Users\ariha\AppData\Roaming\npm;C:\adb;C:\Program Files (x86)\Bitvise SSH Client;C:\Program Files\MATLAB\R2021b\bin;C:\Users\ariha\AppData\Local\Microsoft\WindowsApps;C:\Users\ariha\AppData\Local\Programs\Microsoft VS Code\bin;C:\Users\ariha\AppData\Roaming\npm;D:\Code\HTIC\apache-maven-3.8.4\bin;;."/>
    <property name="java.vendor" value="Oracle Corporation"/>
    <property name="java.vm.info" value="mixed mode"/>
    <property name="java.vm.version" value="11.0.14+8-LTS-263"/>
    <property name="sun.io.unicode.encoding" value="UnicodeLittle"/>
    <property name="java.class.version" value="55.0"/>
  </properties>
  <testcase name="validate[target\pdfs\Isartor testsuite\PDFA-1b\6.1 File structure\6.1.10 Filters\isartor-6-1-10-t01-fail-a.pdf]" classname="org.apache.pdfbox.preflight.TestIsartorBavaria" time="0.062"/>
  <testcase name="validate[target\pdfs\Isartor testsuite\PDFA-1b\6.1 File structure\6.1.10 Filters\isartor-6-1-10-t01-fail-b.pdf]" classname="org.apache.pdfbox.preflight.TestIsartorBavaria" time="0.063"/>
  <testcase name="validate[target\pdfs\Isartor testsuite\PDFA-1b\6.1 File structure\6.1.10 Filters\isartor-6-1-10-t01-fail-c.pdf]" classname="org.apache.pdfbox.preflight.TestIsartorBavaria" time="0.047"/>
  <testcase name="validate[target\pdfs\Isartor testsuite\PDFA-1b\6.1 File structure\6.1.11 Embedded Files\isartor-6-1-11-t01-fail-a.pdf]" classname="org.apache.pdfbox.preflight.TestIsartorBavaria" time="0.032"/>
  <testcase name="validate[target\pdfs\Isartor testsuite\PDFA-1b\6.1 File structure\6.1.11 Embedded Files\isartor-6-1-11-t02-fail-a.pdf]" classname="org.apache.pdfbox.preflight.TestIsartorBavaria" time="0.016"/>
  <testcase name="validate[target\pdfs\Isartor testsuite\PDFA-1b\6.1 File structure\6.1.12 Implementation Limits\isartor-6-1-12-t01-fail-a.pdf]" classname="org.apache.pdfbox.preflight.TestIsartorBavaria" time="2.156"/>
  <testcase name="validate[target\pdfs\Isartor testsuite\PDFA-1b\6.1 File structure\6.1.12 Implementation Limits\isartor-6-1-12-t01-fail-b.pdf]" classname="org.apache.pdfbox.preflight.TestIsartorBavaria" time="0.062"/>
  <testcase name="validate[target\pdfs\Isartor testsuite\PDFA-1b\6.1 File structure\6.1.12 Implementation Limits\isartor-6-1-12-t01-fail-c.pdf]" classname="org.apache.pdfbox.preflight.TestIsartorBavaria" time="0.016"/>
  <testcase name="validate[target\pdfs\Isartor testsuite\PDFA-1b\6.1 File structure\6.1.12 Implementation Limits\isartor-6-1-12-t01-fail-d.pdf]" classname="org.apache.pdfbox.preflight.TestIsartorBavaria" time="0.016"/>
  <testcase name="validate[target\pdfs\Isartor testsuite\PDFA-1b\6.1 File structure\6.1.13 Optional content\isartor-6-1-13-t01-fail-a.pdf]" classname="org.apache.pdfbox.preflight.TestIsartorBavaria" time="0.031"/>
  <testcase name="validate[target\pdfs\Isartor testsuite\PDFA-1b\6.1 File structure\6.1.2 File header\isartor-6-1-2-t01-fail-a.pdf]" classname="org.apache.pdfbox.preflight.TestIsartorBavaria" time="0.016"/>
  <testcase name="validate[target\pdfs\Isartor testsuite\PDFA-1b\6.1 File structure\6.1.2 File header\isartor-6-1-2-t02-fail-a.pdf]" classname="org.apache.pdfbox.preflight.TestIsartorBavaria" time="0.021"/>
  <testcase name="validate[target\pdfs\Isartor testsuite\PDFA-1b\6.1 File structure\6.1.3 File trailer\isartor-6-1-3-t01-fail-a.pdf]" classname="org.apache.pdfbox.preflight.TestIsartorBavaria" time="0.026"/>
  <testcase name="validate[target\pdfs\Isartor testsuite\PDFA-1b\6.1 File structure\6.1.3 File trailer\isartor-6-1-3-t02-fail-a.pdf]" classname="org.apache.pdfbox.preflight.TestIsartorBavaria" time="0.095"/>
  <testcase name="validate[target\pdfs\Isartor testsuite\PDFA-1b\6.1 File structure\6.1.3 File trailer\isartor-6-1-3-t03-fail-a.pdf]" classname="org.apache.pdfbox.preflight.TestIsartorBavaria" time="0.015"/>
  <testcase name="validate[target\pdfs\Isartor testsuite\PDFA-1b\6.1 File structure\6.1.3 File trailer\isartor-6-1-3-t04-fail-a.pdf]" classname="org.apache.pdfbox.preflight.TestIsartorBavaria" time="0.032"/>
  <testcase name="validate[target\pdfs\Isartor testsuite\PDFA-1b\6.1 File structure\6.1.4 Cross reference trailer\isartor-6-1-4-t01-fail-a.pdf]" classname="org.apache.pdfbox.preflight.TestIsartorBavaria" time="0.015"/>
  <testcase name="validate[target\pdfs\Isartor testsuite\PDFA-1b\6.1 File structure\6.1.4 Cross reference trailer\isartor-6-1-4-t02-fail-a.pdf]" classname="org.apache.pdfbox.preflight.TestIsartorBavaria" time="0.032"/>
  <testcase name="validate[target\pdfs\Isartor testsuite\PDFA-1b\6.1 File structure\6.1.6 String objects\isartor-6-1-6-t01-fail-a.pdf]" classname="org.apache.pdfbox.preflight.TestIsartorBavaria" time="0.031"/>
  <testcase name="validate[target\pdfs\Isartor testsuite\PDFA-1b\6.1 File structure\6.1.7 Stream objects\isartor-6-1-7-t01-fail-a.pdf]" classname="org.apache.pdfbox.preflight.TestIsartorBavaria" time="0.016"/>
  <testcase name="validate[target\pdfs\Isartor testsuite\PDFA-1b\6.1 File structure\6.1.7 Stream objects\isartor-6-1-7-t02-fail-a.pdf]" classname="org.apache.pdfbox.preflight.TestIsartorBavaria" time="0.031"/>
  <testcase name="validate[target\pdfs\Isartor testsuite\PDFA-1b\6.1 File structure\6.1.7 Stream objects\isartor-6-1-7-t03-fail-a.pdf]" classname="org.apache.pdfbox.preflight.TestIsartorBavaria" time="0.009"/>
  <testcase name="validate[target\pdfs\Isartor testsuite\PDFA-1b\6.1 File structure\6.1.7 Stream objects\isartor-6-1-7-t04-fail-a.pdf]" classname="org.apache.pdfbox.preflight.TestIsartorBavaria" time="0.032"/>
  <testcase name="validate[target\pdfs\Isartor testsuite\PDFA-1b\6.1 File structure\6.1.7 Stream objects\isartor-6-1-7-t04-fail-b.pdf]" classname="org.apache.pdfbox.preflight.TestIsartorBavaria" time="0.031"/>
  <testcase name="validate[target\pdfs\Isartor testsuite\PDFA-1b\6.1 File structure\6.1.7 Stream objects\isartor-6-1-7-t04-fail-c.pdf]" classname="org.apache.pdfbox.preflight.TestIsartorBavaria" time="0.032"/>
  <testcase name="validate[target\pdfs\Isartor testsuite\PDFA-1b\6.1 File structure\6.1.8 Indirect objects\isartor-6-1-8-t01-fail-a.pdf]" classname="org.apache.pdfbox.preflight.TestIsartorBavaria" time="0.031"/>
  <testcase name="validate[target\pdfs\Isartor testsuite\PDFA-1b\6.1 File structure\6.1.8 Indirect objects\isartor-6-1-8-t02-fail-a.pdf]" classname="org.apache.pdfbox.preflight.TestIsartorBavaria" time="0.031"/>
  <testcase name="validate[target\pdfs\Isartor testsuite\PDFA-1b\6.1 File structure\6.1.8 Indirect objects\isartor-6-1-8-t03-fail-a.pdf]" classname="org.apache.pdfbox.preflight.TestIsartorBavaria" time="0.034"/>
  <testcase name="validate[target\pdfs\Isartor testsuite\PDFA-1b\6.1 File structure\6.1.8 Indirect objects\isartor-6-1-8-t04-fail-a.pdf]" classname="org.apache.pdfbox.preflight.TestIsartorBavaria" time="0.016"/>
  <testcase name="validate[target\pdfs\Isartor testsuite\PDFA-1b\6.1 File structure\6.1.8 Indirect objects\isartor-6-1-8-t05-fail-a.pdf]" classname="org.apache.pdfbox.preflight.TestIsartorBavaria" time="0.031"/>
  <testcase name="validate[target\pdfs\Isartor testsuite\PDFA-1b\6.1 File structure\6.1.8 Indirect objects\isartor-6-1-8-t06-fail-a.pdf]" classname="org.apache.pdfbox.preflight.TestIsartorBavaria" time="0.041"/>
  <testcase name="validate[target\pdfs\Isartor testsuite\PDFA-1b\6.2 Graphics\6.2.10 Content Streams\isartor-6-2-10-t01-fail-a.pdf]" classname="org.apache.pdfbox.preflight.TestIsartorBavaria" time="0.038"/>
  <testcase name="validate[target\pdfs\Isartor testsuite\PDFA-1b\6.2 Graphics\6.2.10 Content Streams\isartor-6-2-10-t01-fail-b.pdf]" classname="org.apache.pdfbox.preflight.TestIsartorBavaria" time="0.016"/>
  <testcase name="validate[target\pdfs\Isartor testsuite\PDFA-1b\6.2 Graphics\6.2.10 Content Streams\isartor-6-2-10-t01-fail-c.pdf]" classname="org.apache.pdfbox.preflight.TestIsartorBavaria" time="0.047"/>
  <testcase name="validate[target\pdfs\Isartor testsuite\PDFA-1b\6.2 Graphics\6.2.2 Output intent\isartor-6-2-2-t01-fail-a.pdf]" classname="org.apache.pdfbox.preflight.TestIsartorBavaria" time="0.031"/>
  <testcase name="validate[target\pdfs\Isartor testsuite\PDFA-1b\6.2 Graphics\6.2.2 Output intent\isartor-6-2-2-t02-fail-a.pdf]" classname="org.apache.pdfbox.preflight.TestIsartorBavaria" time="0.047"/>
  <testcase name="validate[target\pdfs\Isartor testsuite\PDFA-1b\6.2 Graphics\6.2.2 Output intent\isartor-6-2-2-t02-fail-b.pdf]" classname="org.apache.pdfbox.preflight.TestIsartorBavaria" time="0.032"/>
  <testcase name="validate[target\pdfs\Isartor testsuite\PDFA-1b\6.2 Graphics\6.2.2 Output intent\isartor-6-2-2-t03-fail-a.pdf]" classname="org.apache.pdfbox.preflight.TestIsartorBavaria" time="0.047"/>
  <testcase name="validate[target\pdfs\Isartor testsuite\PDFA-1b\6.2 Graphics\6.2.3 Colour spaces\6.2.3.3 Uncalibrated colour spaces\isartor-6-2-3-3-t01-fail-a.pdf]" classname="org.apache.pdfbox.preflight.TestIsartorBavaria" time="0.016"/>
  <testcase name="validate[target\pdfs\Isartor testsuite\PDFA-1b\6.2 Graphics\6.2.3 Colour spaces\6.2.3.3 Uncalibrated colour spaces\isartor-6-2-3-3-t02-fail-a.pdf]" classname="org.apache.pdfbox.preflight.TestIsartorBavaria" time="0.015"/>
  <testcase name="validate[target\pdfs\Isartor testsuite\PDFA-1b\6.2 Graphics\6.2.3 Colour spaces\6.2.3.3 Uncalibrated colour spaces\isartor-6-2-3-3-t02-fail-b.pdf]" classname="org.apache.pdfbox.preflight.TestIsartorBavaria" time="0.079"/>
  <testcase name="validate[target\pdfs\Isartor testsuite\PDFA-1b\6.2 Graphics\6.2.3 Colour spaces\6.2.3.3 Uncalibrated colour spaces\isartor-6-2-3-3-t02-fail-c.pdf]" classname="org.apache.pdfbox.preflight.TestIsartorBavaria" time="0.033"/>
  <testcase name="validate[target\pdfs\Isartor testsuite\PDFA-1b\6.2 Graphics\6.2.3 Colour spaces\6.2.3.3 Uncalibrated colour spaces\isartor-6-2-3-3-t02-fail-d.pdf]" classname="org.apache.pdfbox.preflight.TestIsartorBavaria" time="0.077"/>
  <testcase name="validate[target\pdfs\Isartor testsuite\PDFA-1b\6.2 Graphics\6.2.3 Colour spaces\6.2.3.3 Uncalibrated colour spaces\isartor-6-2-3-3-t02-fail-e.pdf]" classname="org.apache.pdfbox.preflight.TestIsartorBavaria" time="0.015"/>
  <testcase name="validate[target\pdfs\Isartor testsuite\PDFA-1b\6.2 Graphics\6.2.3 Colour spaces\6.2.3.3 Uncalibrated colour spaces\isartor-6-2-3-3-t02-fail-f.pdf]" classname="org.apache.pdfbox.preflight.TestIsartorBavaria" time="0.032"/>
  <testcase name="validate[target\pdfs\Isartor testsuite\PDFA-1b\6.2 Graphics\6.2.3 Colour spaces\6.2.3.3 Uncalibrated colour spaces\isartor-6-2-3-3-t02-fail-g.pdf]" classname="org.apache.pdfbox.preflight.TestIsartorBavaria" time="0.047"/>
  <testcase name="validate[target\pdfs\Isartor testsuite\PDFA-1b\6.2 Graphics\6.2.3 Colour spaces\6.2.3.3 Uncalibrated colour spaces\isartor-6-2-3-3-t02-fail-h.pdf]" classname="org.apache.pdfbox.preflight.TestIsartorBavaria" time="0.11"/>
  <testcase name="validate[target\pdfs\Isartor testsuite\PDFA-1b\6.2 Graphics\6.2.3 Colour spaces\6.2.3.3 Uncalibrated colour spaces\isartor-6-2-3-3-t02-fail-i.pdf]" classname="org.apache.pdfbox.preflight.TestIsartorBavaria" time="0.032"/>
  <testcase name="validate[target\pdfs\Isartor testsuite\PDFA-1b\6.2 Graphics\6.2.3 Colour spaces\6.2.3.3 Uncalibrated colour spaces\isartor-6-2-3-3-t02-fail-j.pdf]" classname="org.apache.pdfbox.preflight.TestIsartorBavaria" time="0.073"/>
  <testcase name="validate[target\pdfs\Isartor testsuite\PDFA-1b\6.2 Graphics\6.2.3 Colour spaces\6.2.3.3 Uncalibrated colour spaces\isartor-6-2-3-3-t03-fail-a.pdf]" classname="org.apache.pdfbox.preflight.TestIsartorBavaria" time="0.032"/>
  <testcase name="validate[target\pdfs\Isartor testsuite\PDFA-1b\6.2 Graphics\6.2.3 Colour spaces\6.2.3.3 Uncalibrated colour spaces\isartor-6-2-3-3-t03-fail-b.pdf]" classname="org.apache.pdfbox.preflight.TestIsartorBavaria" time="0.064"/>
  <testcase name="validate[target\pdfs\Isartor testsuite\PDFA-1b\6.2 Graphics\6.2.3 Colour spaces\6.2.3.3 Uncalibrated colour spaces\isartor-6-2-3-3-t03-fail-c.pdf]" classname="org.apache.pdfbox.preflight.TestIsartorBavaria" time="0.046"/>
  <testcase name="validate[target\pdfs\Isartor testsuite\PDFA-1b\6.2 Graphics\6.2.3 Colour spaces\6.2.3.3 Uncalibrated colour spaces\isartor-6-2-3-3-t03-fail-d.pdf]" classname="org.apache.pdfbox.preflight.TestIsartorBavaria" time="0.056"/>
  <testcase name="validate[target\pdfs\Isartor testsuite\PDFA-1b\6.2 Graphics\6.2.3 Colour spaces\6.2.3.3 Uncalibrated colour spaces\isartor-6-2-3-3-t03-fail-e.pdf]" classname="org.apache.pdfbox.preflight.TestIsartorBavaria" time="0.048"/>
  <testcase name="validate[target\pdfs\Isartor testsuite\PDFA-1b\6.2 Graphics\6.2.3 Colour spaces\6.2.3.3 Uncalibrated colour spaces\isartor-6-2-3-3-t04-fail-a.pdf]" classname="org.apache.pdfbox.preflight.TestIsartorBavaria" time="0.032"/>
  <testcase name="validate[target\pdfs\Isartor testsuite\PDFA-1b\6.2 Graphics\6.2.3 Colour spaces\6.2.3.3 Uncalibrated colour spaces\isartor-6-2-3-3-t04-fail-b.pdf]" classname="org.apache.pdfbox.preflight.TestIsartorBavaria" time="0.04"/>
  <testcase name="validate[target\pdfs\Isartor testsuite\PDFA-1b\6.2 Graphics\6.2.3 Colour spaces\6.2.3.3 Uncalibrated colour spaces\isartor-6-2-3-3-t04-fail-c.pdf]" classname="org.apache.pdfbox.preflight.TestIsartorBavaria" time="0.056"/>
  <testcase name="validate[target\pdfs\Isartor testsuite\PDFA-1b\6.2 Graphics\6.2.3 Colour spaces\6.2.3.3 Uncalibrated colour spaces\isartor-6-2-3-3-t04-fail-d.pdf]" classname="org.apache.pdfbox.preflight.TestIsartorBavaria" time="0.024"/>
  <testcase name="validate[target\pdfs\Isartor testsuite\PDFA-1b\6.2 Graphics\6.2.3 Colour spaces\6.2.3.3 Uncalibrated colour spaces\isartor-6-2-3-3-t05-fail-a.pdf]" classname="org.apache.pdfbox.preflight.TestIsartorBavaria" time="0.048"/>
  <testcase name="validate[target\pdfs\Isartor testsuite\PDFA-1b\6.2 Graphics\6.2.3 Colour spaces\6.2.3.3 Uncalibrated colour spaces\isartor-6-2-3-3-t05-fail-b.pdf]" classname="org.apache.pdfbox.preflight.TestIsartorBavaria" time="0.055"/>
  <testcase name="validate[target\pdfs\Isartor testsuite\PDFA-1b\6.2 Graphics\6.2.3 Colour spaces\6.2.3.4 Separation and DeviceN colour spaces\isartor-6-2-3-4-t01-fail-a.pdf]" classname="org.apache.pdfbox.preflight.TestIsartorBavaria" time="0.113"/>
  <testcase name="validate[target\pdfs\Isartor testsuite\PDFA-1b\6.2 Graphics\6.2.3 Colour spaces\6.2.3.4 Separation and DeviceN colour spaces\isartor-6-2-3-4-t01-fail-b.pdf]" classname="org.apache.pdfbox.preflight.TestIsartorBavaria" time="0.063"/>
  <testcase name="validate[target\pdfs\Isartor testsuite\PDFA-1b\6.2 Graphics\6.2.4 Images\isartor-6-2-4-t01-fail-a.pdf]" classname="org.apache.pdfbox.preflight.TestIsartorBavaria" time="0.047"/>
  <testcase name="validate[target\pdfs\Isartor testsuite\PDFA-1b\6.2 Graphics\6.2.4 Images\isartor-6-2-4-t02-fail-a.pdf]" classname="org.apache.pdfbox.preflight.TestIsartorBavaria" time="0.042"/>
  <testcase name="validate[target\pdfs\Isartor testsuite\PDFA-1b\6.2 Graphics\6.2.4 Images\isartor-6-2-4-t03-fail-a.pdf]" classname="org.apache.pdfbox.preflight.TestIsartorBavaria" time="0.049"/>
  <testcase name="validate[target\pdfs\Isartor testsuite\PDFA-1b\6.2 Graphics\6.2.4 Images\isartor-6-2-4-t04-fail-a.pdf]" classname="org.apache.pdfbox.preflight.TestIsartorBavaria" time="0.029"/>
  <testcase name="validate[target\pdfs\Isartor testsuite\PDFA-1b\6.2 Graphics\6.2.5 Form Xobjects\isartor-6-2-5-t01-fail-a.pdf]" classname="org.apache.pdfbox.preflight.TestIsartorBavaria" time="0.032"/>
  <testcase name="validate[target\pdfs\Isartor testsuite\PDFA-1b\6.2 Graphics\6.2.6 Reference XObjects\isartor-6-2-6-t01-fail-a.pdf]" classname="org.apache.pdfbox.preflight.TestIsartorBavaria" time="0.047"/>
  <testcase name="validate[target\pdfs\Isartor testsuite\PDFA-1b\6.2 Graphics\6.2.7 PostScript XObjects\isartor-6-2-7-t01-fail-a.pdf]" classname="org.apache.pdfbox.preflight.TestIsartorBavaria" time="0.079"/>
  <testcase name="validate[target\pdfs\Isartor testsuite\PDFA-1b\6.2 Graphics\6.2.7 PostScript XObjects\isartor-6-2-7-t02-fail-a.pdf]" classname="org.apache.pdfbox.preflight.TestIsartorBavaria" time="0.048"/>
  <testcase name="validate[target\pdfs\Isartor testsuite\PDFA-1b\6.2 Graphics\6.2.8 Extended graphics state\isartor-6-2-8-t01-fail-a.pdf]" classname="org.apache.pdfbox.preflight.TestIsartorBavaria" time="0.04"/>
  <testcase name="validate[target\pdfs\Isartor testsuite\PDFA-1b\6.2 Graphics\6.2.8 Extended graphics state\isartor-6-2-8-t01-fail-b.pdf]" classname="org.apache.pdfbox.preflight.TestIsartorBavaria" time="0.019"/>
  <testcase name="validate[target\pdfs\Isartor testsuite\PDFA-1b\6.2 Graphics\6.2.8 Extended graphics state\isartor-6-2-8-t01-fail-c.pdf]" classname="org.apache.pdfbox.preflight.TestIsartorBavaria" time="0.026"/>
  <testcase name="validate[target\pdfs\Isartor testsuite\PDFA-1b\6.2 Graphics\6.2.8 Extended graphics state\isartor-6-2-8-t01-fail-d.pdf]" classname="org.apache.pdfbox.preflight.TestIsartorBavaria" time="0.01"/>
  <testcase name="validate[target\pdfs\Isartor testsuite\PDFA-1b\6.2 Graphics\6.2.8 Extended graphics state\isartor-6-2-8-t02-fail-a.pdf]" classname="org.apache.pdfbox.preflight.TestIsartorBavaria" time="0.014"/>
  <testcase name="validate[target\pdfs\Isartor testsuite\PDFA-1b\6.2 Graphics\6.2.8 Extended graphics state\isartor-6-2-8-t02-fail-b.pdf]" classname="org.apache.pdfbox.preflight.TestIsartorBavaria" time="0.016"/>
  <testcase name="validate[target\pdfs\Isartor testsuite\PDFA-1b\6.2 Graphics\6.2.8 Extended graphics state\isartor-6-2-8-t02-fail-c.pdf]" classname="org.apache.pdfbox.preflight.TestIsartorBavaria" time="0.016"/>
  <testcase name="validate[target\pdfs\Isartor testsuite\PDFA-1b\6.2 Graphics\6.2.9 Rendering intents\isartor-6-2-9-t01-fail-a.pdf]" classname="org.apache.pdfbox.preflight.TestIsartorBavaria" time="0.051"/>
  <testcase name="validate[target\pdfs\Isartor testsuite\PDFA-1b\6.3 Fonts\6.3.2 Font types\isartor-6-3-2-t01-fail-a.pdf]" classname="org.apache.pdfbox.preflight.TestIsartorBavaria" time="0.38"/>
  <testcase name="validate[target\pdfs\Isartor testsuite\PDFA-1b\6.3 Fonts\6.3.2 Font types\isartor-6-3-2-t01-fail-b.pdf]" classname="org.apache.pdfbox.preflight.TestIsartorBavaria" time="0.251"/>
  <testcase name="validate[target\pdfs\Isartor testsuite\PDFA-1b\6.3 Fonts\6.3.2 Font types\isartor-6-3-2-t01-fail-c.pdf]" classname="org.apache.pdfbox.preflight.TestIsartorBavaria" time="0.165"/>
  <testcase name="validate[target\pdfs\Isartor testsuite\PDFA-1b\6.3 Fonts\6.3.3 Composite fonts\6.3.3.1 General\isartor-6-3-3-1-t01-fail-a.pdf]" classname="org.apache.pdfbox.preflight.TestIsartorBavaria" time="0.305"/>
  <testcase name="validate[target\pdfs\Isartor testsuite\PDFA-1b\6.3 Fonts\6.3.3 Composite fonts\6.3.3.1 General\isartor-6-3-3-1-t01-fail-b.pdf]" classname="org.apache.pdfbox.preflight.TestIsartorBavaria" time="0.173"/>
  <testcase name="validate[target\pdfs\Isartor testsuite\PDFA-1b\6.3 Fonts\6.3.3 Composite fonts\6.3.3.2 CIDFonts\isartor-6-3-3-2-t01-fail-a.pdf]" classname="org.apache.pdfbox.preflight.TestIsartorBavaria" time="0.041"/>
  <testcase name="validate[target\pdfs\Isartor testsuite\PDFA-1b\6.3 Fonts\6.3.3 Composite fonts\6.3.3.3 CMaps\isartor-6-3-3-3-t01-fail-a.pdf]" classname="org.apache.pdfbox.preflight.TestIsartorBavaria" time="0.052"/>
  <testcase name="validate[target\pdfs\Isartor testsuite\PDFA-1b\6.3 Fonts\6.3.3 Composite fonts\6.3.3.3 CMaps\isartor-6-3-3-3-t02-fail-a.pdf]" classname="org.apache.pdfbox.preflight.TestIsartorBavaria" time="0.119"/>
  <testcase name="validate[target\pdfs\Isartor testsuite\PDFA-1b\6.3 Fonts\6.3.4 Embedded font programs\isartor-6-3-4-t01-fail-a.pdf]" classname="org.apache.pdfbox.preflight.TestIsartorBavaria" time="0.025"/>
  <testcase name="validate[target\pdfs\Isartor testsuite\PDFA-1b\6.3 Fonts\6.3.4 Embedded font programs\isartor-6-3-4-t01-fail-b.pdf]" classname="org.apache.pdfbox.preflight.TestIsartorBavaria" time="0.02"/>
  <testcase name="validate[target\pdfs\Isartor testsuite\PDFA-1b\6.3 Fonts\6.3.4 Embedded font programs\isartor-6-3-4-t01-fail-c.pdf]" classname="org.apache.pdfbox.preflight.TestIsartorBavaria" time="0.146"/>
  <testcase name="validate[target\pdfs\Isartor testsuite\PDFA-1b\6.3 Fonts\6.3.4 Embedded font programs\isartor-6-3-4-t01-fail-d.pdf]" classname="org.apache.pdfbox.preflight.TestIsartorBavaria" time="0.016"/>
  <testcase name="validate[target\pdfs\Isartor testsuite\PDFA-1b\6.3 Fonts\6.3.4 Embedded font programs\isartor-6-3-4-t01-fail-e.pdf]" classname="org.apache.pdfbox.preflight.TestIsartorBavaria" time="0.032"/>
  <testcase name="validate[target\pdfs\Isartor testsuite\PDFA-1b\6.3 Fonts\6.3.4 Embedded font programs\isartor-6-3-4-t01-fail-f.pdf]" classname="org.apache.pdfbox.preflight.TestIsartorBavaria" time="0.073"/>
  <testcase name="validate[target\pdfs\Isartor testsuite\PDFA-1b\6.3 Fonts\6.3.4 Embedded font programs\isartor-6-3-4-t01-fail-g.pdf]" classname="org.apache.pdfbox.preflight.TestIsartorBavaria" time="0.018"/>
  <testcase name="validate[target\pdfs\Isartor testsuite\PDFA-1b\6.3 Fonts\6.3.4 Embedded font programs\isartor-6-3-4-t01-fail-h.pdf]" classname="org.apache.pdfbox.preflight.TestIsartorBavaria" time="0.017"/>
  <testcase name="validate[target\pdfs\Isartor testsuite\PDFA-1b\6.3 Fonts\6.3.5 Font subsets\isartor-6-3-5-t01-fail-a.pdf]" classname="org.apache.pdfbox.preflight.TestIsartorBavaria" time="0.05"/>
  <testcase name="validate[target\pdfs\Isartor testsuite\PDFA-1b\6.3 Fonts\6.3.5 Font subsets\isartor-6-3-5-t01-fail-b.pdf]" classname="org.apache.pdfbox.preflight.TestIsartorBavaria" time="0.047"/>
  <testcase name="validate[target\pdfs\Isartor testsuite\PDFA-1b\6.3 Fonts\6.3.5 Font subsets\isartor-6-3-5-t01-fail-c.pdf]" classname="org.apache.pdfbox.preflight.TestIsartorBavaria" time="0.062"/>
  <testcase name="validate[target\pdfs\Isartor testsuite\PDFA-1b\6.3 Fonts\6.3.5 Font subsets\isartor-6-3-5-t01-fail-d.pdf]" classname="org.apache.pdfbox.preflight.TestIsartorBavaria" time="0.032"/>
  <testcase name="validate[target\pdfs\Isartor testsuite\PDFA-1b\6.3 Fonts\6.3.5 Font subsets\isartor-6-3-5-t02-fail-a.pdf]" classname="org.apache.pdfbox.preflight.TestIsartorBavaria" time="0.062"/>
  <testcase name="validate[target\pdfs\Isartor testsuite\PDFA-1b\6.3 Fonts\6.3.5 Font subsets\isartor-6-3-5-t03-fail-a.pdf]" classname="org.apache.pdfbox.preflight.TestIsartorBavaria" time="0.039"/>
  <testcase name="validate[target\pdfs\Isartor testsuite\PDFA-1b\6.3 Fonts\6.3.6 Font metrics\isartor-6-3-6-t01-fail-a.pdf]" classname="org.apache.pdfbox.preflight.TestIsartorBavaria" time="0.032"/>
  <testcase name="validate[target\pdfs\Isartor testsuite\PDFA-1b\6.3 Fonts\6.3.6 Font metrics\isartor-6-3-6-t01-fail-b.pdf]" classname="org.apache.pdfbox.preflight.TestIsartorBavaria" time="0.063"/>
  <testcase name="validate[target\pdfs\Isartor testsuite\PDFA-1b\6.3 Fonts\6.3.6 Font metrics\isartor-6-3-6-t01-fail-c.pdf]" classname="org.apache.pdfbox.preflight.TestIsartorBavaria" time="0.094"/>
  <testcase name="validate[target\pdfs\Isartor testsuite\PDFA-1b\6.3 Fonts\6.3.7 Character encodings\isartor-6-3-7-t01-fail-a.pdf]" classname="org.apache.pdfbox.preflight.TestIsartorBavaria" time="0.047"/>
  <testcase name="validate[target\pdfs\Isartor testsuite\PDFA-1b\6.3 Fonts\6.3.7 Character encodings\isartor-6-3-7-t02-fail-a.pdf]" classname="org.apache.pdfbox.preflight.TestIsartorBavaria" time="0.041"/>
  <testcase name="validate[target\pdfs\Isartor testsuite\PDFA-1b\6.3 Fonts\6.3.7 Character encodings\isartor-6-3-7-t03-fail-a.pdf]" classname="org.apache.pdfbox.preflight.TestIsartorBavaria" time="0.053"/>
  <testcase name="validate[target\pdfs\Isartor testsuite\PDFA-1b\6.4 Transparency\isartor-6-4-t01-fail-a.pdf]" classname="org.apache.pdfbox.preflight.TestIsartorBavaria" time="0.03"/>
  <testcase name="validate[target\pdfs\Isartor testsuite\PDFA-1b\6.4 Transparency\isartor-6-4-t01-fail-b.pdf]" classname="org.apache.pdfbox.preflight.TestIsartorBavaria" time="0.024"/>
  <testcase name="validate[target\pdfs\Isartor testsuite\PDFA-1b\6.4 Transparency\isartor-6-4-t02-fail-a.pdf]" classname="org.apache.pdfbox.preflight.TestIsartorBavaria" time="0.039"/>
  <testcase name="validate[target\pdfs\Isartor testsuite\PDFA-1b\6.4 Transparency\isartor-6-4-t03-fail-a.pdf]" classname="org.apache.pdfbox.preflight.TestIsartorBavaria" time="0.031"/>
  <testcase name="validate[target\pdfs\Isartor testsuite\PDFA-1b\6.4 Transparency\isartor-6-4-t04-fail-a.pdf]" classname="org.apache.pdfbox.preflight.TestIsartorBavaria" time="0.016"/>
  <testcase name="validate[target\pdfs\Isartor testsuite\PDFA-1b\6.4 Transparency\isartor-6-4-t05-fail-a.pdf]" classname="org.apache.pdfbox.preflight.TestIsartorBavaria" time="0.016"/>
  <testcase name="validate[target\pdfs\Isartor testsuite\PDFA-1b\6.5 Annotations\6.5.2 Annotation types\isartor-6-5-2-t01-fail-a.pdf]" classname="org.apache.pdfbox.preflight.TestIsartorBavaria" time="0.062"/>
  <testcase name="validate[target\pdfs\Isartor testsuite\PDFA-1b\6.5 Annotations\6.5.2 Annotation types\isartor-6-5-2-t01-fail-b.pdf]" classname="org.apache.pdfbox.preflight.TestIsartorBavaria" time="0.048"/>
  <testcase name="validate[target\pdfs\Isartor testsuite\PDFA-1b\6.5 Annotations\6.5.2 Annotation types\isartor-6-5-2-t01-fail-c.pdf]" classname="org.apache.pdfbox.preflight.TestIsartorBavaria" time="0.031"/>
  <testcase name="validate[target\pdfs\Isartor testsuite\PDFA-1b\6.5 Annotations\6.5.2 Annotation types\isartor-6-5-2-t01-fail-d.pdf]" classname="org.apache.pdfbox.preflight.TestIsartorBavaria" time="0.047"/>
  <testcase name="validate[target\pdfs\Isartor testsuite\PDFA-1b\6.5 Annotations\6.5.2 Annotation types\isartor-6-5-2-t01-fail-e.pdf]" classname="org.apache.pdfbox.preflight.TestIsartorBavaria" time="0.032"/>
  <testcase name="validate[target\pdfs\Isartor testsuite\PDFA-1b\6.5 Annotations\6.5.2 Annotation types\isartor-6-5-2-t01-fail-f.pdf]" classname="org.apache.pdfbox.preflight.TestIsartorBavaria" time="0.031"/>
  <testcase name="validate[target\pdfs\Isartor testsuite\PDFA-1b\6.5 Annotations\6.5.2 Annotation types\isartor-6-5-2-t01-fail-g.pdf]" classname="org.apache.pdfbox.preflight.TestIsartorBavaria" time="0.047"/>
  <testcase name="validate[target\pdfs\Isartor testsuite\PDFA-1b\6.5 Annotations\6.5.2 Annotation types\isartor-6-5-2-t01-fail-h.pdf]" classname="org.apache.pdfbox.preflight.TestIsartorBavaria" time="0.042"/>
  <testcase name="validate[target\pdfs\Isartor testsuite\PDFA-1b\6.5 Annotations\6.5.2 Annotation types\isartor-6-5-2-t02-fail-a.pdf]" classname="org.apache.pdfbox.preflight.TestIsartorBavaria" time="0.04"/>
  <testcase name="validate[target\pdfs\Isartor testsuite\PDFA-1b\6.5 Annotations\6.5.2 Annotation types\isartor-6-5-2-t02-fail-b.pdf]" classname="org.apache.pdfbox.preflight.TestIsartorBavaria" time="0.04"/>
  <testcase name="validate[target\pdfs\Isartor testsuite\PDFA-1b\6.5 Annotations\6.5.2 Annotation types\isartor-6-5-2-t02-fail-c.pdf]" classname="org.apache.pdfbox.preflight.TestIsartorBavaria" time="0.04"/>
  <testcase name="validate[target\pdfs\Isartor testsuite\PDFA-1b\6.5 Annotations\6.5.3 Annotation dictionaries\isartor-6-5-3-t01-fail-a.pdf]" classname="org.apache.pdfbox.preflight.TestIsartorBavaria" time="0.037"/>
  <testcase name="validate[target\pdfs\Isartor testsuite\PDFA-1b\6.5 Annotations\6.5.3 Annotation dictionaries\isartor-6-5-3-t02-fail-a.pdf]" classname="org.apache.pdfbox.preflight.TestIsartorBavaria" time="0.04"/>
  <testcase name="validate[target\pdfs\Isartor testsuite\PDFA-1b\6.5 Annotations\6.5.3 Annotation dictionaries\isartor-6-5-3-t02-fail-b.pdf]" classname="org.apache.pdfbox.preflight.TestIsartorBavaria" time="0.034"/>
  <testcase name="validate[target\pdfs\Isartor testsuite\PDFA-1b\6.5 Annotations\6.5.3 Annotation dictionaries\isartor-6-5-3-t02-fail-c.pdf]" classname="org.apache.pdfbox.preflight.TestIsartorBavaria" time="0.041"/>
  <testcase name="validate[target\pdfs\Isartor testsuite\PDFA-1b\6.5 Annotations\6.5.3 Annotation dictionaries\isartor-6-5-3-t02-fail-d.pdf]" classname="org.apache.pdfbox.preflight.TestIsartorBavaria" time="0.048"/>
  <testcase name="validate[target\pdfs\Isartor testsuite\PDFA-1b\6.5 Annotations\6.5.3 Annotation dictionaries\isartor-6-5-3-t02-fail-e.pdf]" classname="org.apache.pdfbox.preflight.TestIsartorBavaria" time="0.04"/>
  <testcase name="validate[target\pdfs\Isartor testsuite\PDFA-1b\6.5 Annotations\6.5.3 Annotation dictionaries\isartor-6-5-3-t03-fail-a.pdf]" classname="org.apache.pdfbox.preflight.TestIsartorBavaria" time="0.016"/>
  <testcase name="validate[target\pdfs\Isartor testsuite\PDFA-1b\6.5 Annotations\6.5.3 Annotation dictionaries\isartor-6-5-3-t03-fail-b.pdf]" classname="org.apache.pdfbox.preflight.TestIsartorBavaria" time="0.096"/>
  <testcase name="validate[target\pdfs\Isartor testsuite\PDFA-1b\6.5 Annotations\6.5.3 Annotation dictionaries\isartor-6-5-3-t03-fail-c.pdf]" classname="org.apache.pdfbox.preflight.TestIsartorBavaria" time="0.018"/>
  <testcase name="validate[target\pdfs\Isartor testsuite\PDFA-1b\6.5 Annotations\6.5.3 Annotation dictionaries\isartor-6-5-3-t03-fail-d.pdf]" classname="org.apache.pdfbox.preflight.TestIsartorBavaria" time="0.083"/>
  <testcase name="validate[target\pdfs\Isartor testsuite\PDFA-1b\6.5 Annotations\6.5.3 Annotation dictionaries\isartor-6-5-3-t04-fail-a.pdf]" classname="org.apache.pdfbox.preflight.TestIsartorBavaria" time="0.039"/>
  <testcase name="validate[target\pdfs\Isartor testsuite\PDFA-1b\6.5 Annotations\6.5.3 Annotation dictionaries\isartor-6-5-3-t04-fail-b.pdf]" classname="org.apache.pdfbox.preflight.TestIsartorBavaria" time="0.047"/>
  <testcase name="validate[target\pdfs\Isartor testsuite\PDFA-1b\6.5 Annotations\6.5.3 Annotation dictionaries\isartor-6-5-3-t04-fail-c.pdf]" classname="org.apache.pdfbox.preflight.TestIsartorBavaria" time="0.032"/>
  <testcase name="validate[target\pdfs\Isartor testsuite\PDFA-1b\6.5 Annotations\6.5.3 Annotation dictionaries\isartor-6-5-3-t04-fail-d.pdf]" classname="org.apache.pdfbox.preflight.TestIsartorBavaria" time="0.047"/>
  <testcase name="validate[target\pdfs\Isartor testsuite\PDFA-1b\6.6 Actions\6.6.1 General\isartor-6-6-1-t01-fail-a.pdf]" classname="org.apache.pdfbox.preflight.TestIsartorBavaria" time="0.015"/>
  <testcase name="validate[target\pdfs\Isartor testsuite\PDFA-1b\6.6 Actions\6.6.1 General\isartor-6-6-1-t01-fail-b.pdf]" classname="org.apache.pdfbox.preflight.TestIsartorBavaria" time="0.016"/>
  <testcase name="validate[target\pdfs\Isartor testsuite\PDFA-1b\6.6 Actions\6.6.1 General\isartor-6-6-1-t01-fail-c.pdf]" classname="org.apache.pdfbox.preflight.TestIsartorBavaria" time="0.016"/>
  <testcase name="validate[target\pdfs\Isartor testsuite\PDFA-1b\6.6 Actions\6.6.1 General\isartor-6-6-1-t01-fail-d.pdf]" classname="org.apache.pdfbox.preflight.TestIsartorBavaria" time="0.047"/>
  <testcase name="validate[target\pdfs\Isartor testsuite\PDFA-1b\6.6 Actions\6.6.1 General\isartor-6-6-1-t01-fail-e.pdf]" classname="org.apache.pdfbox.preflight.TestIsartorBavaria" time="0.016"/>
  <testcase name="validate[target\pdfs\Isartor testsuite\PDFA-1b\6.6 Actions\6.6.1 General\isartor-6-6-1-t01-fail-f.pdf]" classname="org.apache.pdfbox.preflight.TestIsartorBavaria" time="0.063"/>
  <testcase name="validate[target\pdfs\Isartor testsuite\PDFA-1b\6.6 Actions\6.6.1 General\isartor-6-6-1-t01-fail-g.pdf]" classname="org.apache.pdfbox.preflight.TestIsartorBavaria" time="0.031"/>
  <testcase name="validate[target\pdfs\Isartor testsuite\PDFA-1b\6.6 Actions\6.6.1 General\isartor-6-6-1-t01-fail-h.pdf]" classname="org.apache.pdfbox.preflight.TestIsartorBavaria" time="0.039"/>
  <testcase name="validate[target\pdfs\Isartor testsuite\PDFA-1b\6.6 Actions\6.6.1 General\isartor-6-6-1-t01-fail-i.pdf]" classname="org.apache.pdfbox.preflight.TestIsartorBavaria" time="0.008"/>
  <testcase name="validate[target\pdfs\Isartor testsuite\PDFA-1b\6.6 Actions\6.6.1 General\isartor-6-6-1-t02-fail-a.pdf]" classname="org.apache.pdfbox.preflight.TestIsartorBavaria" time="0.047"/>
  <testcase name="validate[target\pdfs\Isartor testsuite\PDFA-1b\6.6 Actions\6.6.1 General\isartor-6-6-1-t02-fail-b.pdf]" classname="org.apache.pdfbox.preflight.TestIsartorBavaria" time="0.016"/>
  <testcase name="validate[target\pdfs\Isartor testsuite\PDFA-1b\6.6 Actions\6.6.1 General\isartor-6-6-1-t02-fail-c.pdf]" classname="org.apache.pdfbox.preflight.TestIsartorBavaria" time="0.016"/>
  <testcase name="validate[target\pdfs\Isartor testsuite\PDFA-1b\6.6 Actions\6.6.1 General\isartor-6-6-1-t02-fail-d.pdf]" classname="org.apache.pdfbox.preflight.TestIsartorBavaria" time="0.016"/>
  <testcase name="validate[target\pdfs\Isartor testsuite\PDFA-1b\6.6 Actions\6.6.1 General\isartor-6-6-1-t02-fail-e.pdf]" classname="org.apache.pdfbox.preflight.TestIsartorBavaria" time="0.031"/>
  <testcase name="validate[target\pdfs\Isartor testsuite\PDFA-1b\6.6 Actions\6.6.1 General\isartor-6-6-1-t02-fail-f.pdf]" classname="org.apache.pdfbox.preflight.TestIsartorBavaria" time="0.067"/>
  <testcase name="validate[target\pdfs\Isartor testsuite\PDFA-1b\6.6 Actions\6.6.1 General\isartor-6-6-1-t02-fail-g.pdf]" classname="org.apache.pdfbox.preflight.TestIsartorBavaria" time="0.027"/>
  <testcase name="validate[target\pdfs\Isartor testsuite\PDFA-1b\6.6 Actions\6.6.1 General\isartor-6-6-1-t02-fail-h.pdf]" classname="org.apache.pdfbox.preflight.TestIsartorBavaria" time="0.016"/>
  <testcase name="validate[target\pdfs\Isartor testsuite\PDFA-1b\6.6 Actions\6.6.1 General\isartor-6-6-1-t02-fail-i.pdf]" classname="org.apache.pdfbox.preflight.TestIsartorBavaria" time="0.031"/>
  <testcase name="validate[target\pdfs\Isartor testsuite\PDFA-1b\6.6 Actions\6.6.1 General\isartor-6-6-1-t03-fail-a.pdf]" classname="org.apache.pdfbox.preflight.TestIsartorBavaria" time="0.026"/>
  <testcase name="validate[target\pdfs\Isartor testsuite\PDFA-1b\6.6 Actions\6.6.1 General\isartor-6-6-1-t03-fail-b.pdf]" classname="org.apache.pdfbox.preflight.TestIsartorBavaria" time="0.006"/>
  <testcase name="validate[target\pdfs\Isartor testsuite\PDFA-1b\6.6 Actions\6.6.1 General\isartor-6-6-1-t03-fail-c.pdf]" classname="org.apache.pdfbox.preflight.TestIsartorBavaria" time="0.031"/>
  <testcase name="validate[target\pdfs\Isartor testsuite\PDFA-1b\6.6 Actions\6.6.1 General\isartor-6-6-1-t03-fail-d.pdf]" classname="org.apache.pdfbox.preflight.TestIsartorBavaria" time="0.016"/>
  <testcase name="validate[target\pdfs\Isartor testsuite\PDFA-1b\6.6 Actions\6.6.1 General\isartor-6-6-1-t03-fail-e.pdf]" classname="org.apache.pdfbox.preflight.TestIsartorBavaria" time="0"/>
  <testcase name="validate[target\pdfs\Isartor testsuite\PDFA-1b\6.6 Actions\6.6.1 General\isartor-6-6-1-t03-fail-f.pdf]" classname="org.apache.pdfbox.preflight.TestIsartorBavaria" time="0.016"/>
  <testcase name="validate[target\pdfs\Isartor testsuite\PDFA-1b\6.6 Actions\6.6.1 General\isartor-6-6-1-t03-fail-g.pdf]" classname="org.apache.pdfbox.preflight.TestIsartorBavaria" time="0.015"/>
  <testcase name="validate[target\pdfs\Isartor testsuite\PDFA-1b\6.6 Actions\6.6.1 General\isartor-6-6-1-t03-fail-h.pdf]" classname="org.apache.pdfbox.preflight.TestIsartorBavaria" time="0.031"/>
  <testcase name="validate[target\pdfs\Isartor testsuite\PDFA-1b\6.6 Actions\6.6.1 General\isartor-6-6-1-t03-fail-i.pdf]" classname="org.apache.pdfbox.preflight.TestIsartorBavaria" time="0.016"/>
  <testcase name="validate[target\pdfs\Isartor testsuite\PDFA-1b\6.6 Actions\6.6.1 General\isartor-6-6-1-t04-fail-a.pdf]" classname="org.apache.pdfbox.preflight.TestIsartorBavaria" time="0.031"/>
  <testcase name="validate[target\pdfs\Isartor testsuite\PDFA-1b\6.6 Actions\6.6.1 General\isartor-6-6-1-t04-fail-b.pdf]" classname="org.apache.pdfbox.preflight.TestIsartorBavaria" time="0"/>
  <testcase name="validate[target\pdfs\Isartor testsuite\PDFA-1b\6.6 Actions\6.6.1 General\isartor-6-6-1-t04-fail-c.pdf]" classname="org.apache.pdfbox.preflight.TestIsartorBavaria" time="0.016"/>
  <testcase name="validate[target\pdfs\Isartor testsuite\PDFA-1b\6.6 Actions\6.6.1 General\isartor-6-6-1-t04-fail-d.pdf]" classname="org.apache.pdfbox.preflight.TestIsartorBavaria" time="0.022"/>
  <testcase name="validate[target\pdfs\Isartor testsuite\PDFA-1b\6.6 Actions\6.6.1 General\isartor-6-6-1-t04-fail-e.pdf]" classname="org.apache.pdfbox.preflight.TestIsartorBavaria" time="0.025"/>
  <testcase name="validate[target\pdfs\Isartor testsuite\PDFA-1b\6.6 Actions\6.6.1 General\isartor-6-6-1-t04-fail-f.pdf]" classname="org.apache.pdfbox.preflight.TestIsartorBavaria" time="0.016"/>
  <testcase name="validate[target\pdfs\Isartor testsuite\PDFA-1b\6.6 Actions\6.6.1 General\isartor-6-6-1-t04-fail-g.pdf]" classname="org.apache.pdfbox.preflight.TestIsartorBavaria" time="0.031"/>
  <testcase name="validate[target\pdfs\Isartor testsuite\PDFA-1b\6.6 Actions\6.6.1 General\isartor-6-6-1-t04-fail-h.pdf]" classname="org.apache.pdfbox.preflight.TestIsartorBavaria" time="0.016"/>
  <testcase name="validate[target\pdfs\Isartor testsuite\PDFA-1b\6.6 Actions\6.6.1 General\isartor-6-6-1-t04-fail-i.pdf]" classname="org.apache.pdfbox.preflight.TestIsartorBavaria" time="0.032"/>
  <testcase name="validate[target\pdfs\Isartor testsuite\PDFA-1b\6.6 Actions\6.6.2 Trigger events\isartor-6-6-2-t01-fail-a.pdf]" classname="org.apache.pdfbox.preflight.TestIsartorBavaria" time="0"/>
  <testcase name="validate[target\pdfs\Isartor testsuite\PDFA-1b\6.7 Metadata\6.7.11 Version and conformance level identification\isartor-6-7-11-t01-fail-a.pdf]" classname="org.apache.pdfbox.preflight.TestIsartorBavaria" time="0.016"/>
  <testcase name="validate[target\pdfs\Isartor testsuite\PDFA-1b\6.7 Metadata\6.7.11 Version and conformance level identification\isartor-6-7-11-t01-fail-b.pdf]" classname="org.apache.pdfbox.preflight.TestIsartorBavaria" time="0.031"/>
  <testcase name="validate[target\pdfs\Isartor testsuite\PDFA-1b\6.7 Metadata\6.7.11 Version and conformance level identification\isartor-6-7-11-t01-fail-c.pdf]" classname="org.apache.pdfbox.preflight.TestIsartorBavaria" time="0.018"/>
  <testcase name="validate[target\pdfs\Isartor testsuite\PDFA-1b\6.7 Metadata\6.7.11 Version and conformance level identification\isartor-6-7-11-t01-fail-d.pdf]" classname="org.apache.pdfbox.preflight.TestIsartorBavaria" time="0.03"/>
  <testcase name="validate[target\pdfs\Isartor testsuite\PDFA-1b\6.7 Metadata\6.7.2 Properties\isartor-6-7-2-t01-fail-a.pdf]" classname="org.apache.pdfbox.preflight.TestIsartorBavaria" time="0"/>
  <testcase name="validate[target\pdfs\Isartor testsuite\PDFA-1b\6.7 Metadata\6.7.2 Properties\isartor-6-7-2-t02-fail-a.pdf]" classname="org.apache.pdfbox.preflight.TestIsartorBavaria" time="0.031"/>
  <testcase name="validate[target\pdfs\Isartor testsuite\PDFA-1b\6.7 Metadata\6.7.2 Properties\isartor-6-7-2-t02-fail-b.pdf]" classname="org.apache.pdfbox.preflight.TestIsartorBavaria" time="0"/>
  <testcase name="validate[target\pdfs\Isartor testsuite\PDFA-1b\6.7 Metadata\6.7.2 Properties\isartor-6-7-2-t02-fail-c.pdf]" classname="org.apache.pdfbox.preflight.TestIsartorBavaria" time="0.024"/>
  <testcase name="validate[target\pdfs\Isartor testsuite\PDFA-1b\6.7 Metadata\6.7.2 Properties\isartor-6-7-2-t03-fail-a.pdf]" classname="org.apache.pdfbox.preflight.TestIsartorBavaria" time="0.008"/>
  <testcase name="validate[target\pdfs\Isartor testsuite\PDFA-1b\6.7 Metadata\6.7.3 Document information dictionary\isartor-6-7-3-t01-fail-a.pdf]" classname="org.apache.pdfbox.preflight.TestIsartorBavaria" time="0.031"/>
  <testcase name="validate[target\pdfs\Isartor testsuite\PDFA-1b\6.7 Metadata\6.7.3 Document information dictionary\isartor-6-7-3-t01-fail-b.pdf]" classname="org.apache.pdfbox.preflight.TestIsartorBavaria" time="0.031"/>
  <testcase name="validate[target\pdfs\Isartor testsuite\PDFA-1b\6.7 Metadata\6.7.3 Document information dictionary\isartor-6-7-3-t01-fail-c.pdf]" classname="org.apache.pdfbox.preflight.TestIsartorBavaria" time="0.016"/>
  <testcase name="validate[target\pdfs\Isartor testsuite\PDFA-1b\6.7 Metadata\6.7.5 XMP header\isartor-6-7-5-t01-fail-a.pdf]" classname="org.apache.pdfbox.preflight.TestIsartorBavaria" time="0.016"/>
  <testcase name="validate[target\pdfs\Isartor testsuite\PDFA-1b\6.7 Metadata\6.7.5 XMP header\isartor-6-7-5-t02-fail-a.pdf]" classname="org.apache.pdfbox.preflight.TestIsartorBavaria" time="0.031"/>
  <testcase name="validate[target\pdfs\Isartor testsuite\PDFA-1b\6.7 Metadata\6.7.8 Extension schemas\isartor-6-7-8-t01-fail-a.pdf]" classname="org.apache.pdfbox.preflight.TestIsartorBavaria" time="0"/>
  <testcase name="validate[target\pdfs\Isartor testsuite\PDFA-1b\6.7 Metadata\6.7.8 Extension schemas\isartor-6-7-8-t02-fail-a.pdf]" classname="org.apache.pdfbox.preflight.TestIsartorBavaria" time="0.016"/>
  <testcase name="validate[target\pdfs\Isartor testsuite\PDFA-1b\6.7 Metadata\6.7.8 Extension schemas\isartor-6-7-8-t02-fail-b.pdf]" classname="org.apache.pdfbox.preflight.TestIsartorBavaria" time="0.016"/>
  <testcase name="validate[target\pdfs\Isartor testsuite\PDFA-1b\6.7 Metadata\6.7.8 Extension schemas\isartor-6-7-8-t02-fail-c.pdf]" classname="org.apache.pdfbox.preflight.TestIsartorBavaria" time="0.015"/>
  <testcase name="validate[target\pdfs\Isartor testsuite\PDFA-1b\6.7 Metadata\6.7.8 Extension schemas\isartor-6-7-8-t02-fail-d.pdf]" classname="org.apache.pdfbox.preflight.TestIsartorBavaria" time="0.016"/>
  <testcase name="validate[target\pdfs\Isartor testsuite\PDFA-1b\6.7 Metadata\6.7.8 Extension schemas\isartor-6-7-8-t02-fail-e.pdf]" classname="org.apache.pdfbox.preflight.TestIsartorBavaria" time="0.02"/>
  <testcase name="validate[target\pdfs\Isartor testsuite\PDFA-1b\6.7 Metadata\6.7.8 Extension schemas\isartor-6-7-8-t02-fail-f.pdf]" classname="org.apache.pdfbox.preflight.TestIsartorBavaria" time="0.027"/>
  <testcase name="validate[target\pdfs\Isartor testsuite\PDFA-1b\6.7 Metadata\6.7.8 Extension schemas\isartor-6-7-8-t02-fail-g.pdf]" classname="org.apache.pdfbox.preflight.TestIsartorBavaria" time="0.032"/>
  <testcase name="validate[target\pdfs\Isartor testsuite\PDFA-1b\6.7 Metadata\6.7.8 Extension schemas\isartor-6-7-8-t02-fail-h.pdf]" classname="org.apache.pdfbox.preflight.TestIsartorBavaria" time="0"/>
  <testcase name="validate[target\pdfs\Isartor testsuite\PDFA-1b\6.7 Metadata\6.7.8 Extension schemas\isartor-6-7-8-t02-fail-i.pdf]" classname="org.apache.pdfbox.preflight.TestIsartorBavaria" time="0.031"/>
  <testcase name="validate[target\pdfs\Isartor testsuite\PDFA-1b\6.7 Metadata\6.7.8 Extension schemas\isartor-6-7-8-t02-fail-j.pdf]" classname="org.apache.pdfbox.preflight.TestIsartorBavaria" time="0.032"/>
  <testcase name="validate[target\pdfs\Isartor testsuite\PDFA-1b\6.7 Metadata\6.7.8 Extension schemas\isartor-6-7-8-t02-fail-k.pdf]" classname="org.apache.pdfbox.preflight.TestIsartorBavaria" time="0.031"/>
  <testcase name="validate[target\pdfs\Isartor testsuite\PDFA-1b\6.7 Metadata\6.7.9 Validation\isartor-6-7-9-t01-fail-a.pdf]" classname="org.apache.pdfbox.preflight.TestIsartorBavaria" time="0"/>
  <testcase name="validate[target\pdfs\Isartor testsuite\PDFA-1b\6.9 Interactive Forms\isartor-6-9-t01-fail-a.pdf]" classname="org.apache.pdfbox.preflight.TestIsartorBavaria" time="0.031"/>
  <testcase name="validate[target\pdfs\Isartor testsuite\PDFA-1b\6.9 Interactive Forms\isartor-6-9-t02-fail-a.pdf]" classname="org.apache.pdfbox.preflight.TestIsartorBavaria" time="0.032"/>
  <testcase name="validate[target\pdfs\Isartor testsuite\PDFA-1b\6.9 Interactive Forms\isartor-6-9-t02-fail-b.pdf]" classname="org.apache.pdfbox.preflight.TestIsartorBavaria" time="0.047"/>
</testsuite>