<?xml version="1.0" encoding="UTF-8"?>
<testsuite xmlns:xsi="http://www.w3.org/2001/XMLSchema-instance" xsi:noNamespaceSchemaLocation="https://maven.apache.org/surefire/maven-surefire-plugin/xsd/surefire-test-report.xsd" name="org.apache.pdfbox.examples.interactive.form.TestCreateSimpleForms" time="2.942" tests="6" errors="0" skipped="0" failures="0">
  <properties>
    <property name="sun.desktop" value="windows"/>
    <property name="awt.toolkit" value="sun.awt.windows.WToolkit"/>
    <property name="java.specification.version" value="11"/>
    <property name="sun.cpu.isalist" value="amd64"/>
    <property name="sun.jnu.encoding" value="Cp1252"/>
    <property name="java.class.path" value="D:\Code\HTIC\ge_oncology\pdfbox\examples\target\test-classes;D:\Code\HTIC\ge_oncology\pdfbox\examples\target\classes;C:\Users\ariha\.m2\repository\org\bouncycastle\bcmail-jdk15on\1.64\bcmail-jdk15on-1.64.jar;C:\Users\ariha\.m2\repository\org\bouncycastle\bcprov-jdk15on\1.64\bcprov-jdk15on-1.64.jar;C:\Users\ariha\.m2\repository\org\bouncycastle\bcpkix-jdk15on\1.64\bcpkix-jdk15on-1.64.jar;D:\Code\HTIC\ge_oncology\pdfbox\tools\target\pdfbox-tools-2.0.25.jar;D:\Code\HTIC\ge_oncology\pdfbox\debugger\target\pdfbox-debugger-2.0.25.jar;D:\Code\HTIC\ge_oncology\pdfbox\xmpbox\target\xmpbox-2.0.25.jar;C:\Users\ariha\.m2\repository\commons-logging\commons-logging\1.2\commons-logging-1.2.jar;D:\Code\HTIC\ge_oncology\pdfbox\preflight\target\preflight-2.0.25.jar;D:\Code\HTIC\ge_oncology\pdfbox\pdfbox\target\pdfbox-2.0.25.jar;D:\Code\HTIC\ge_oncology\pdfbox\fontbox\target\fontbox-2.0.25.jar;C:\Users\ariha\.m2\repository\org\apache\lucene\lucene-core\4.7.2\lucene-core-4.7.2.jar;C:\Users\ariha\.m2\repository\org\apache\lucene\lucene-analyzers-common\4.7.2\lucene-analyzers-common-4.7.2.jar;C:\Users\ariha\.m2\repository\org\apache\ant\ant\1.9.16\ant-1.9.16.jar;C:\Users\ariha\.m2\repository\org\apache\ant\ant-launcher\1.9.16\ant-launcher-1.9.16.jar;C:\Users\ariha\.m2\repository\junit\junit\4.13.2\junit-4.13.2.jar;C:\Users\ariha\.m2\repository\org\hamcrest\hamcrest-core\1.3\hamcrest-core-1.3.jar;C:\Users\ariha\.m2\repository\javax\servlet\javax.servlet-api\4.0.1\javax.servlet-api-4.0.1.jar;C:\Users\ariha\.m2\repository\org\apache\geronimo\specs\geronimo-jaxrs_1.1_spec\1.0\geronimo-jaxrs_1.1_spec-1.0.jar;C:\Users\ariha\.m2\repository\javax\xml\bind\jaxb-api\2.3.1\jaxb-api-2.3.1.jar;C:\Users\ariha\.m2\repository\javax\activation\javax.activation-api\1.2.0\javax.activation-api-1.2.0.jar;C:\Users\ariha\.m2\repository\javax\activation\activation\1.1.1\activation-1.1.1.jar;"/>
    <property name="java.vm.vendor" value="Oracle Corporation"/>
    <property name="sun.arch.data.model" value="64"/>
    <property name="user.variant" value=""/>
    <property name="java.vendor.url" value="https://openjdk.java.net/"/>
    <property name="user.timezone" value="Asia/Calcutta"/>
    <property name="java.vm.specification.version" value="11"/>
    <property name="os.name" value="Windows 11"/>
    <property name="sun.java.launcher" value="SUN_STANDARD"/>
    <property name="user.country" value="IN"/>
    <property name="sun.boot.library.path" value="C:\Program Files\Java\jdk-11.0.14\bin"/>
    <property name="sun.java.command" value="C:\Users\ariha\AppData\Local\Temp\surefire3130794792321983276\surefirebooter5363411397626469537.jar C:\Users\ariha\AppData\Local\Temp\surefire3130794792321983276 2022-03-09T16-35-16_356-jvmRun1 surefire1468269857955110432tmp surefire_16760969321557264686tmp"/>
    <property name="jdk.debug" value="release"/>
    <property name="surefire.test.class.path" value="D:\Code\HTIC\ge_oncology\pdfbox\examples\target\test-classes;D:\Code\HTIC\ge_oncology\pdfbox\examples\target\classes;C:\Users\ariha\.m2\repository\org\bouncycastle\bcmail-jdk15on\1.64\bcmail-jdk15on-1.64.jar;C:\Users\ariha\.m2\repository\org\bouncycastle\bcprov-jdk15on\1.64\bcprov-jdk15on-1.64.jar;C:\Users\ariha\.m2\repository\org\bouncycastle\bcpkix-jdk15on\1.64\bcpkix-jdk15on-1.64.jar;D:\Code\HTIC\ge_oncology\pdfbox\tools\target\pdfbox-tools-2.0.25.jar;D:\Code\HTIC\ge_oncology\pdfbox\debugger\target\pdfbox-debugger-2.0.25.jar;D:\Code\HTIC\ge_oncology\pdfbox\xmpbox\target\xmpbox-2.0.25.jar;C:\Users\ariha\.m2\repository\commons-logging\commons-logging\1.2\commons-logging-1.2.jar;D:\Code\HTIC\ge_oncology\pdfbox\preflight\target\preflight-2.0.25.jar;D:\Code\HTIC\ge_oncology\pdfbox\pdfbox\target\pdfbox-2.0.25.jar;D:\Code\HTIC\ge_oncology\pdfbox\fontbox\target\fontbox-2.0.25.jar;C:\Users\ariha\.m2\repository\org\apache\lucene\lucene-core\4.7.2\lucene-core-4.7.2.jar;C:\Users\ariha\.m2\repository\org\apache\lucene\lucene-analyzers-common\4.7.2\lucene-analyzers-common-4.7.2.jar;C:\Users\ariha\.m2\repository\org\apache\ant\ant\1.9.16\ant-1.9.16.jar;C:\Users\ariha\.m2\repository\org\apache\ant\ant-launcher\1.9.16\ant-launcher-1.9.16.jar;C:\Users\ariha\.m2\repository\junit\junit\4.13.2\junit-4.13.2.jar;C:\Users\ariha\.m2\repository\org\hamcrest\hamcrest-core\1.3\hamcrest-core-1.3.jar;C:\Users\ariha\.m2\repository\javax\servlet\javax.servlet-api\4.0.1\javax.servlet-api-4.0.1.jar;C:\Users\ariha\.m2\repository\org\apache\geronimo\specs\geronimo-jaxrs_1.1_spec\1.0\geronimo-jaxrs_1.1_spec-1.0.jar;C:\Users\ariha\.m2\repository\javax\xml\bind\jaxb-api\2.3.1\jaxb-api-2.3.1.jar;C:\Users\ariha\.m2\repository\javax\activation\javax.activation-api\1.2.0\javax.activation-api-1.2.0.jar;C:\Users\ariha\.m2\repository\javax\activation\activation\1.1.1\activation-1.1.1.jar;"/>
    <property name="sun.cpu.endian" value="little"/>
    <property name="user.home" value="C:\Users\ariha"/>
    <property name="user.language" value="en"/>
    <property name="java.specification.vendor" value="Oracle Corporation"/>
    <property name="java.version.date" value="2022-01-18"/>
    <property name="java.home" value="C:\Program Files\Java\jdk-11.0.14"/>
    <property name="file.separator" value="\"/>
    <property name="basedir" value="D:\Code\HTIC\ge_oncology\pdfbox\examples"/>
    <property name="java.vm.compressedOopsMode" value="Zero based"/>
    <property name="line.separator" value="&#10;"/>
    <property name="java.specification.name" value="Java Platform API Specification"/>
    <property name="java.vm.specification.vendor" value="Oracle Corporation"/>
    <property name="java.awt.graphicsenv" value="sun.awt.Win32GraphicsEnvironment"/>
    <property name="surefire.real.class.path" value="C:\Users\ariha\AppData\Local\Temp\surefire3130794792321983276\surefirebooter5363411397626469537.jar"/>
    <property name="user.script" value=""/>
    <property name="sun.management.compiler" value="HotSpot 64-Bit Tiered Compilers"/>
    <property name="java.runtime.version" value="11.0.14+8-LTS-263"/>
    <property name="user.name" value="ariha"/>
    <property name="path.separator" value=";"/>
    <property name="os.version" value="10.0"/>
    <property name="java.runtime.name" value="Java(TM) SE Runtime Environment"/>
    <property name="file.encoding" value="Cp1252"/>
    <property name="java.vm.name" value="Java HotSpot(TM) 64-Bit Server VM"/>
    <property name="java.vendor.version" value="18.9"/>
    <property name="localRepository" value="C:\Users\ariha\.m2\repository"/>
    <property name="java.vendor.url.bug" value="https://bugreport.java.com/bugreport/"/>
    <property name="java.io.tmpdir" value="C:\Users\ariha\AppData\Local\Temp\"/>
    <property name="java.version" value="11.0.14"/>
    <property name="user.dir" value="D:\Code\HTIC\ge_oncology\pdfbox\examples"/>
    <property name="os.arch" value="amd64"/>
    <property name="java.vm.specification.name" value="Java Virtual Machine Specification"/>
    <property name="java.awt.printerjob" value="sun.awt.windows.WPrinterJob"/>
    <property name="sun.os.patch.level" value=""/>
    <property name="java.library.path" value="C:\Program Files\Java\jdk-11.0.14\bin;C:\WINDOWS\Sun\Java\bin;C:\WINDOWS\system32;C:\WINDOWS;C:\Python310\Scripts\;C:\Python310\;C:\Program Files\Java\jdk-11.0.14\bin;C:\WINDOWS\system32;C:\WINDOWS;C:\WINDOWS\System32\Wbem;C:\WINDOWS\System32\WindowsPowerShell\v1.0\;C:\WINDOWS\System32\OpenSSH\;C:\Program Files (x86)\NVIDIA Corporation\PhysX\Common;C:\Program Files\NVIDIA Corporation\NVIDIA NvDLISR;C:\Program Files\nodejs\;C:\ProgramData\chocolatey\bin;C:\Program Files\Git\cmd;C:\Users\ariha\AppData\Local\Programs\Eclipse Adoptium\jdk-17.0.2.8-hotspot\bin;C:\Users\ariha\AppData\Local\Microsoft\WindowsApps;C:\Users\ariha\AppData\Local\Programs\Microsoft VS Code\bin;C:\Users\ariha\AppData\Roaming\npm;C:\adb;C:\Program Files (x86)\Bitvise SSH Client;C:\Program Files\MATLAB\R2021b\bin;C:\Users\ariha\AppData\Local\Microsoft\WindowsApps;C:\Users\ariha\AppData\Local\Programs\Microsoft VS Code\bin;C:\Users\ariha\AppData\Roaming\npm;D:\Code\HTIC\apache-maven-3.8.4\bin;;."/>
    <property name="java.vendor" value="Oracle Corporation"/>
    <property name="java.vm.info" value="mixed mode"/>
    <property name="java.vm.version" value="11.0.14+8-LTS-263"/>
    <property name="sun.io.unicode.encoding" value="UnicodeLittle"/>
    <property name="java.class.version" value="55.0"/>
  </properties>
  <testcase name="testRadioButtons" classname="org.apache.pdfbox.examples.interactive.form.TestCreateSimpleForms" time="1.825"/>
  <testcase name="testCreateSimpleForm" classname="org.apache.pdfbox.examples.interactive.form.TestCreateSimpleForms" time="0.125"/>
  <testcase name="testAddBorderToField" classname="org.apache.pdfbox.examples.interactive.form.TestCreateSimpleForms" time="0.123"/>
  <testcase name="testCreateSimpleFormWithEmbeddedFont" classname="org.apache.pdfbox.examples.interactive.form.TestCreateSimpleForms" time="0.528"/>
  <testcase name="testCreateCheckBox" classname="org.apache.pdfbox.examples.interactive.form.TestCreateSimpleForms" time="0.142"/>
  <testcase name="testCreateMultiWidgetsForm" classname="org.apache.pdfbox.examples.interactive.form.TestCreateSimpleForms" time="0.055"/>
</testsuite>